[ 12%] [32mBuilding CXX object CMakeFiles/ldlidar.dir/home/slambot/ros2_ws/src/ldlidar_driver/src/logger/log_module.cpp.o[0m
[ 25%] [32m[1mLinking CXX executable ldlidar[0m
[100%] Built target ldlidar
-- Install configuration: ""
-- Installing: /home/slambot/ros2_ws/install/ldlidar/lib/ldlidar/ldlidar
-- Set non-toolchain portion of runtime path of "/home/slambot/ros2_ws/install/ldlidar/lib/ldlidar/ldlidar" to ""
-- Installing: /home/slambot/ros2_ws/install/ldlidar/share/ldlidar//launch
-- Installing: /home/slambot/ros2_ws/install/ldlidar/share/ldlidar//launch/stl26.launch.py
-- Installing: /home/slambot/ros2_ws/install/ldlidar/share/ldlidar//launch/stl06p.launch.py
-- Installing: /home/slambot/ros2_ws/install/ldlidar/share/ldlidar//launch/viewer_stl06p.launch.py
-- Installing: /home/slambot/ros2_ws/install/ldlidar/share/ldlidar//launch/viewer_stl26.launch.py
-- Installing: /home/slambot/ros2_ws/install/ldlidar/share/ldlidar//launch/stl27l.launch.py
-- Installing: /home/slambot/ros2_ws/install/ldlidar/share/ldlidar//launch/viewer_stl27l.launch.py
-- Installing: /home/slambot/ros2_ws/install/ldlidar/share/ldlidar//launch/ld19.launch.py
-- Installing: /home/slambot/ros2_ws/install/ldlidar/share/ldlidar//launch/viewer_ld19.launch.py
-- Installing: /home/slambot/ros2_ws/install/ldlidar/share/ldlidar//launch/viewer_ld06.launch.py
-- Installing: /home/slambot/ros2_ws/install/ldlidar/share/ldlidar//launch/ld06.launch.py
-- Installing: /home/slambot/ros2_ws/install/ldlidar/share/ldlidar//rviz2
-- Installing: /home/slambot/ros2_ws/install/ldlidar/share/ldlidar//rviz2/ldlidar.rviz
-- Installing: /home/slambot/ros2_ws/install/ldlidar/share/ament_index/resource_index/package_run_dependencies/ldlidar
-- Installing: /home/slambot/ros2_ws/install/ldlidar/share/ament_index/resource_index/parent_prefix_path/ldlidar
-- Installing: /home/slambot/ros2_ws/install/ldlidar/share/ldlidar/environment/ament_prefix_path.sh
-- Installing: /home/slambot/ros2_ws/install/ldlidar/share/ldlidar/environment/ament_prefix_path.dsv
-- Installing: /home/slambot/ros2_ws/install/ldlidar/share/ldlidar/environment/path.sh
-- Installing: /home/slambot/ros2_ws/install/ldlidar/share/ldlidar/environment/path.dsv
-- Installing: /home/slambot/ros2_ws/install/ldlidar/share/ldlidar/local_setup.bash
-- Installing: /home/slambot/ros2_ws/install/ldlidar/share/ldlidar/local_setup.sh
-- Installing: /home/slambot/ros2_ws/install/ldlidar/share/ldlidar/local_setup.zsh
-- Installing: /home/slambot/ros2_ws/install/ldlidar/share/ldlidar/local_setup.dsv
-- Installing: /home/slambot/ros2_ws/install/ldlidar/share/ldlidar/package.dsv
-- Installing: /home/slambot/ros2_ws/install/ldlidar/share/ament_index/resource_index/packages/ldlidar
-- Installing: /home/slambot/ros2_ws/install/ldlidar/share/ldlidar/cmake/ldlidarConfig.cmake
-- Installing: /home/slambot/ros2_ws/install/ldlidar/share/ldlidar/cmake/ldlidarConfig-version.cmake
-- Installing: /home/slambot/ros2_ws/install/ldlidar/share/ldlidar/package.xml
