[0.005s] Invoking command in '/home/slambot/ros2_ws/build/ldlidar': CMAKE_PREFIX_PATH=${CMAKE_PREFIX_PATH}:/opt/ros/jazzy /usr/bin/cmake --build /home/slambot/ros2_ws/build/ldlidar -- -j14 -l14
[0.158s] [ 12%] [32mBuilding CXX object CMakeFiles/ldlidar.dir/home/slambot/ros2_ws/src/ldlidar_driver/src/logger/log_module.cpp.o[0m
[0.329s] [ 25%] [32m[1mLinking CXX executable ldlidar[0m
[0.472s] [100%] Built target ldlidar
[0.479s] Invoked command in '/home/slambot/ros2_ws/build/ldlidar' returned '0': CMAKE_PREFIX_PATH=${CMAKE_PREFIX_PATH}:/opt/ros/jazzy /usr/bin/cmake --build /home/slambot/ros2_ws/build/ldlidar -- -j14 -l14
[0.484s] Invoking command in '/home/slambot/ros2_ws/build/ldlidar': CMAKE_PREFIX_PATH=${CMAKE_PREFIX_PATH}:/opt/ros/jazzy /usr/bin/cmake --install /home/slambot/ros2_ws/build/ldlidar
[0.490s] -- Install configuration: ""
[0.491s] -- Installing: /home/slambot/ros2_ws/install/ldlidar/lib/ldlidar/ldlidar
[0.499s] -- Set non-toolchain portion of runtime path of "/home/slambot/ros2_ws/install/ldlidar/lib/ldlidar/ldlidar" to ""
[0.500s] -- Installing: /home/slambot/ros2_ws/install/ldlidar/share/ldlidar//launch
[0.501s] -- Installing: /home/slambot/ros2_ws/install/ldlidar/share/ldlidar//launch/stl26.launch.py
[0.502s] -- Installing: /home/slambot/ros2_ws/install/ldlidar/share/ldlidar//launch/stl06p.launch.py
[0.504s] -- Installing: /home/slambot/ros2_ws/install/ldlidar/share/ldlidar//launch/viewer_stl06p.launch.py
[0.507s] -- Installing: /home/slambot/ros2_ws/install/ldlidar/share/ldlidar//launch/viewer_stl26.launch.py
[0.509s] -- Installing: /home/slambot/ros2_ws/install/ldlidar/share/ldlidar//launch/stl27l.launch.py
[0.511s] -- Installing: /home/slambot/ros2_ws/install/ldlidar/share/ldlidar//launch/viewer_stl27l.launch.py
[0.512s] -- Installing: /home/slambot/ros2_ws/install/ldlidar/share/ldlidar//launch/ld19.launch.py
[0.514s] -- Installing: /home/slambot/ros2_ws/install/ldlidar/share/ldlidar//launch/viewer_ld19.launch.py
[0.516s] -- Installing: /home/slambot/ros2_ws/install/ldlidar/share/ldlidar//launch/viewer_ld06.launch.py
[0.518s] -- Installing: /home/slambot/ros2_ws/install/ldlidar/share/ldlidar//launch/ld06.launch.py
[0.519s] -- Installing: /home/slambot/ros2_ws/install/ldlidar/share/ldlidar//rviz2
[0.520s] -- Installing: /home/slambot/ros2_ws/install/ldlidar/share/ldlidar//rviz2/ldlidar.rviz
[0.523s] -- Installing: /home/slambot/ros2_ws/install/ldlidar/share/ament_index/resource_index/package_run_dependencies/ldlidar
[0.525s] -- Installing: /home/slambot/ros2_ws/install/ldlidar/share/ament_index/resource_index/parent_prefix_path/ldlidar
[0.527s] -- Installing: /home/slambot/ros2_ws/install/ldlidar/share/ldlidar/environment/ament_prefix_path.sh
[0.528s] -- Installing: /home/slambot/ros2_ws/install/ldlidar/share/ldlidar/environment/ament_prefix_path.dsv
[0.529s] -- Installing: /home/slambot/ros2_ws/install/ldlidar/share/ldlidar/environment/path.sh
[0.530s] -- Installing: /home/slambot/ros2_ws/install/ldlidar/share/ldlidar/environment/path.dsv
[0.532s] -- Installing: /home/slambot/ros2_ws/install/ldlidar/share/ldlidar/local_setup.bash
[0.534s] -- Installing: /home/slambot/ros2_ws/install/ldlidar/share/ldlidar/local_setup.sh
[0.535s] -- Installing: /home/slambot/ros2_ws/install/ldlidar/share/ldlidar/local_setup.zsh
[0.536s] -- Installing: /home/slambot/ros2_ws/install/ldlidar/share/ldlidar/local_setup.dsv
[0.538s] -- Installing: /home/slambot/ros2_ws/install/ldlidar/share/ldlidar/package.dsv
[0.540s] -- Installing: /home/slambot/ros2_ws/install/ldlidar/share/ament_index/resource_index/packages/ldlidar
[0.542s] -- Installing: /home/slambot/ros2_ws/install/ldlidar/share/ldlidar/cmake/ldlidarConfig.cmake
[0.543s] -- Installing: /home/slambot/ros2_ws/install/ldlidar/share/ldlidar/cmake/ldlidarConfig-version.cmake
[0.544s] -- Installing: /home/slambot/ros2_ws/install/ldlidar/share/ldlidar/package.xml
[0.548s] Invoked command in '/home/slambot/ros2_ws/build/ldlidar' returned '0': CMAKE_PREFIX_PATH=${CMAKE_PREFIX_PATH}:/opt/ros/jazzy /usr/bin/cmake --install /home/slambot/ros2_ws/build/ldlidar
