[0.013s] Invoking command in '/home/slambot/ros2_ws/build/ldlidar': CMAKE_PREFIX_PATH=${CMAKE_PREFIX_PATH}:/opt/ros/jazzy /usr/bin/cmake /home/slambot/ros2_ws/src/ldlidar -DCMAKE_INSTALL_PREFIX=/home/slambot/ros2_ws/install/ldlidar
[0.188s] -- The C compiler identification is GNU 13.3.0
[0.254s] -- The CXX compiler identification is GNU 13.3.0
[0.265s] -- Detecting C compiler ABI info
[0.347s] -- Detecting C compiler ABI info - done
[0.358s] -- Check for working C compiler: /usr/bin/cc - skipped
[0.358s] -- Detecting C compile features
[0.359s] -- Detecting C compile features - done
[0.366s] -- Detecting CXX compiler ABI info
[0.454s] -- Detecting CXX compiler ABI info - done
[0.464s] -- Check for working CXX compiler: /usr/bin/c++ - skipped
[0.465s] -- Detecting CXX compile features
[0.465s] -- Detecting CXX compile features - done
[0.471s] -- Found ament_cmake: 2.5.4 (/opt/ros/jazzy/share/ament_cmake/cmake)
[0.575s] -- Found Python3: /usr/bin/python3 (found version "3.12.3") found components: Interpreter 
[0.677s] -- Found rclcpp: 28.1.12 (/opt/ros/jazzy/share/rclcpp/cmake)
[0.723s] -- Found rosidl_generator_c: 4.6.6 (/opt/ros/jazzy/share/rosidl_generator_c/cmake)
[0.737s] -- Found rosidl_generator_cpp: 4.6.6 (/opt/ros/jazzy/share/rosidl_generator_cpp/cmake)
[0.753s] -- Using all available rosidl_typesupport_c: rosidl_typesupport_fastrtps_c;rosidl_typesupport_introspection_c
[0.770s] -- Using all available rosidl_typesupport_cpp: rosidl_typesupport_fastrtps_cpp;rosidl_typesupport_introspection_cpp
[0.835s] -- Found rmw_implementation_cmake: 7.3.2 (/opt/ros/jazzy/share/rmw_implementation_cmake/cmake)
[0.841s] -- Found rmw_fastrtps_cpp: 8.4.3 (/opt/ros/jazzy/share/rmw_fastrtps_cpp/cmake)
[0.899s] -- Found OpenSSL: /usr/lib/aarch64-linux-gnu/libcrypto.so (found version "3.0.13")  
[0.910s] -- Found FastRTPS: /opt/ros/jazzy/include (Required is at least version "2.13") 
[0.924s] -- Using RMW implementation 'rmw_fastrtps_cpp' as default
[0.978s] -- Found sensor_msgs: 5.3.6 (/opt/ros/jazzy/share/sensor_msgs/cmake)
[1.025s] -- Found ament_lint_auto: 0.17.3 (/opt/ros/jazzy/share/ament_lint_auto/cmake)
[1.119s] -- Added test 'copyright' to check source files copyright and LICENSE
[1.126s] -- Added test 'cppcheck' to perform static code analysis on C / C++ code
[1.126s] -- Configured cppcheck include dirs: /home/slambot/ros2_ws/src/ldlidar/include;/home/slambot/ros2_ws/src/ldlidar/../../../ldlidar_driver/include/core;/home/slambot/ros2_ws/src/ldlidar/../../../ldlidar_driver/include/dataprocess;/home/slambot/ros2_ws/src/ldlidar/../../../ldlidar_driver/include/filter;/home/slambot/ros2_ws/src/ldlidar/../../../ldlidar_driver/include/logger;/home/slambot/ros2_ws/src/ldlidar/../../../ldlidar_driver/include/networkcom;/home/slambot/ros2_ws/src/ldlidar/../../../ldlidar_driver/include/serialcom
[1.126s] -- Configured cppcheck exclude dirs and/or files: 
[1.131s] -- Added test 'cpplint' to check C / C++ code against the Google style
[1.132s] -- Configured cpplint exclude dirs and/or files: 
[1.133s] -- Added test 'flake8' to check Python code syntax and style conventions
[1.133s] -- Configured 'flake8' exclude dirs and/or files: 
[1.135s] -- Added test 'lint_cmake' to check CMake code style
[1.136s] -- Added test 'pep257' to check Python code against some of the docstring style conventions in PEP 257
[1.145s] -- Added test 'uncrustify' to check C / C++ code style
[1.145s] -- Configured uncrustify additional arguments: 
[1.147s] -- Added test 'xmllint' to check XML markup files
[1.154s] -- Configuring done (1.1s)
[1.183s] -- Generating done (0.0s)
[1.197s] -- Build files have been written to: /home/slambot/ros2_ws/build/ldlidar
[1.198s] Invoked command in '/home/slambot/ros2_ws/build/ldlidar' returned '0': CMAKE_PREFIX_PATH=${CMAKE_PREFIX_PATH}:/opt/ros/jazzy /usr/bin/cmake /home/slambot/ros2_ws/src/ldlidar -DCMAKE_INSTALL_PREFIX=/home/slambot/ros2_ws/install/ldlidar
[1.199s] Invoking command in '/home/slambot/ros2_ws/build/ldlidar': CMAKE_PREFIX_PATH=${CMAKE_PREFIX_PATH}:/opt/ros/jazzy /usr/bin/cmake --build /home/slambot/ros2_ws/build/ldlidar -- -j14 -l14
[1.237s] [ 50%] [32mBuilding CXX object CMakeFiles/ldlidar.dir/src/ros2_node/main.cpp.o[0m
[1.391s] [01m[K/home/slambot/ros2_ws/src/ldlidar/src/ros2_node/main.cpp:23:10:[m[K [01;31m[Kfatal error: [m[Kldlidar_driver.h: No such file or directory
[1.391s]    23 | #include [01;31m[K"ldlidar_driver.h"[m[K
[1.391s]       |          [01;31m[K^~~~~~~~~~~~~~~~~~[m[K
[1.391s] compilation terminated.
[1.391s] gmake[2]: *** [CMakeFiles/ldlidar.dir/build.make:76: CMakeFiles/ldlidar.dir/src/ros2_node/main.cpp.o] Error 1
[1.391s] gmake[1]: *** [CMakeFiles/Makefile2:137: CMakeFiles/ldlidar.dir/all] Error 2
[1.391s] gmake: *** [Makefile:146: all] Error 2
[1.392s] Invoked command in '/home/slambot/ros2_ws/build/ldlidar' returned '2': CMAKE_PREFIX_PATH=${CMAKE_PREFIX_PATH}:/opt/ros/jazzy /usr/bin/cmake --build /home/slambot/ros2_ws/build/ldlidar -- -j14 -l14
