[0.137s] DEBUG:colcon:Command line arguments: ['/usr/bin/colcon', 'build']
[0.137s] DEBUG:colcon:Parsed command line arguments: Namespace(log_base=None, log_level=None, verb_name='build', build_base='build', install_base='install', merge_install=False, symlink_install=False, test_result_base=None, continue_on_error=False, executor='parallel', parallel_workers=14, event_handlers=None, ignore_user_meta=False, metas=['./colcon.meta'], base_paths=['.'], packages_ignore=None, packages_ignore_regex=None, paths=None, packages_up_to=None, packages_up_to_regex=None, packages_above=None, packages_above_and_dependencies=None, packages_above_depth=None, packages_select_by_dep=None, packages_skip_by_dep=None, packages_skip_up_to=None, packages_select_build_failed=False, packages_skip_build_finished=False, packages_select_test_failures=False, packages_skip_test_passed=False, packages_select=None, packages_skip=None, packages_select_regex=None, packages_skip_regex=None, packages_start=None, packages_end=None, allow_overriding=[], cmake_args=None, cmake_target=None, cmake_target_skip_unavailable=False, cmake_clean_cache=False, cmake_clean_first=False, cmake_force_configure=False, ament_cmake_args=None, catkin_cmake_args=None, catkin_skip_building_tests=False, verb_parser=<colcon_defaults.argument_parser.defaults.DefaultArgumentsDecorator object at 0xffffa633f1a0>, verb_extension=<colcon_core.verb.build.BuildVerb object at 0xffffa633f0b0>, main=<bound method BuildVerb.main of <colcon_core.verb.build.BuildVerb object at 0xffffa633f0b0>>)
[0.164s] Level 1:colcon.colcon_core.package_discovery:discover_packages(colcon_meta) check parameters
[0.164s] Level 1:colcon.colcon_core.package_discovery:discover_packages(recursive) check parameters
[0.164s] Level 1:colcon.colcon_core.package_discovery:discover_packages(ignore) check parameters
[0.164s] Level 1:colcon.colcon_core.package_discovery:discover_packages(path) check parameters
[0.164s] Level 1:colcon.colcon_core.package_discovery:discover_packages(colcon_meta) discover
[0.164s] Level 1:colcon.colcon_core.package_discovery:discover_packages(recursive) discover
[0.164s] INFO:colcon.colcon_core.package_discovery:Crawling recursively for packages in '/home/slambot/ros2_ws'
[0.165s] Level 1:colcon.colcon_core.package_identification:_identify(.) by extensions ['ignore', 'ignore_ament_install']
[0.165s] Level 1:colcon.colcon_core.package_identification:_identify(.) by extension 'ignore'
[0.165s] Level 1:colcon.colcon_core.package_identification:_identify(.) by extension 'ignore_ament_install'
[0.165s] Level 1:colcon.colcon_core.package_identification:_identify(.) by extensions ['colcon_pkg']
[0.165s] Level 1:colcon.colcon_core.package_identification:_identify(.) by extension 'colcon_pkg'
[0.165s] Level 1:colcon.colcon_core.package_identification:_identify(.) by extensions ['colcon_meta']
[0.165s] Level 1:colcon.colcon_core.package_identification:_identify(.) by extension 'colcon_meta'
[0.165s] Level 1:colcon.colcon_core.package_identification:_identify(.) by extensions ['ros']
[0.165s] Level 1:colcon.colcon_core.package_identification:_identify(.) by extension 'ros'
[0.180s] Level 1:colcon.colcon_core.package_identification:_identify(.) by extensions ['cmake', 'python']
[0.180s] Level 1:colcon.colcon_core.package_identification:_identify(.) by extension 'cmake'
[0.180s] Level 1:colcon.colcon_core.package_identification:_identify(.) by extension 'python'
[0.180s] Level 1:colcon.colcon_core.package_identification:_identify(.) by extensions ['python_setup_py']
[0.180s] Level 1:colcon.colcon_core.package_identification:_identify(.) by extension 'python_setup_py'
[0.180s] Level 1:colcon.colcon_core.package_identification:_identify(build) by extensions ['ignore', 'ignore_ament_install']
[0.180s] Level 1:colcon.colcon_core.package_identification:_identify(build) by extension 'ignore'
[0.180s] Level 1:colcon.colcon_core.package_identification:_identify(build) ignored
[0.180s] Level 1:colcon.colcon_core.package_identification:_identify(install) by extensions ['ignore', 'ignore_ament_install']
[0.180s] Level 1:colcon.colcon_core.package_identification:_identify(install) by extension 'ignore'
[0.181s] Level 1:colcon.colcon_core.package_identification:_identify(install) ignored
[0.181s] Level 1:colcon.colcon_core.package_identification:_identify(log) by extensions ['ignore', 'ignore_ament_install']
[0.181s] Level 1:colcon.colcon_core.package_identification:_identify(log) by extension 'ignore'
[0.181s] Level 1:colcon.colcon_core.package_identification:_identify(log) ignored
[0.181s] Level 1:colcon.colcon_core.package_identification:_identify(src) by extensions ['ignore', 'ignore_ament_install']
[0.181s] Level 1:colcon.colcon_core.package_identification:_identify(src) by extension 'ignore'
[0.181s] Level 1:colcon.colcon_core.package_identification:_identify(src) by extension 'ignore_ament_install'
[0.181s] Level 1:colcon.colcon_core.package_identification:_identify(src) by extensions ['colcon_pkg']
[0.181s] Level 1:colcon.colcon_core.package_identification:_identify(src) by extension 'colcon_pkg'
[0.181s] Level 1:colcon.colcon_core.package_identification:_identify(src) by extensions ['colcon_meta']
[0.181s] Level 1:colcon.colcon_core.package_identification:_identify(src) by extension 'colcon_meta'
[0.181s] Level 1:colcon.colcon_core.package_identification:_identify(src) by extensions ['ros']
[0.181s] Level 1:colcon.colcon_core.package_identification:_identify(src) by extension 'ros'
[0.182s] Level 1:colcon.colcon_core.package_identification:_identify(src) by extensions ['cmake', 'python']
[0.182s] Level 1:colcon.colcon_core.package_identification:_identify(src) by extension 'cmake'
[0.182s] Level 1:colcon.colcon_core.package_identification:_identify(src) by extension 'python'
[0.182s] Level 1:colcon.colcon_core.package_identification:_identify(src) by extensions ['python_setup_py']
[0.182s] Level 1:colcon.colcon_core.package_identification:_identify(src) by extension 'python_setup_py'
[0.182s] Level 1:colcon.colcon_core.package_identification:_identify(src/build) by extensions ['ignore', 'ignore_ament_install']
[0.182s] Level 1:colcon.colcon_core.package_identification:_identify(src/build) by extension 'ignore'
[0.182s] Level 1:colcon.colcon_core.package_identification:_identify(src/build) ignored
[0.182s] Level 1:colcon.colcon_core.package_identification:_identify(src/install) by extensions ['ignore', 'ignore_ament_install']
[0.182s] Level 1:colcon.colcon_core.package_identification:_identify(src/install) by extension 'ignore'
[0.182s] Level 1:colcon.colcon_core.package_identification:_identify(src/install) ignored
[0.182s] Level 1:colcon.colcon_core.package_identification:_identify(src/ldlidar) by extensions ['ignore', 'ignore_ament_install']
[0.182s] Level 1:colcon.colcon_core.package_identification:_identify(src/ldlidar) by extension 'ignore'
[0.183s] Level 1:colcon.colcon_core.package_identification:_identify(src/ldlidar) by extension 'ignore_ament_install'
[0.183s] Level 1:colcon.colcon_core.package_identification:_identify(src/ldlidar) by extensions ['colcon_pkg']
[0.183s] Level 1:colcon.colcon_core.package_identification:_identify(src/ldlidar) by extension 'colcon_pkg'
[0.183s] Level 1:colcon.colcon_core.package_identification:_identify(src/ldlidar) by extensions ['colcon_meta']
[0.183s] Level 1:colcon.colcon_core.package_identification:_identify(src/ldlidar) by extension 'colcon_meta'
[0.183s] Level 1:colcon.colcon_core.package_identification:_identify(src/ldlidar) by extensions ['ros']
[0.183s] Level 1:colcon.colcon_core.package_identification:_identify(src/ldlidar) by extension 'ros'
[0.184s] DEBUG:colcon.colcon_core.package_identification:Package 'src/ldlidar' with type 'ros.ament_cmake' and name 'ldlidar'
[0.185s] Level 1:colcon.colcon_core.package_identification:_identify(src/ldlidar_driver) by extensions ['ignore', 'ignore_ament_install']
[0.185s] Level 1:colcon.colcon_core.package_identification:_identify(src/ldlidar_driver) by extension 'ignore'
[0.185s] Level 1:colcon.colcon_core.package_identification:_identify(src/ldlidar_driver) by extension 'ignore_ament_install'
[0.185s] Level 1:colcon.colcon_core.package_identification:_identify(src/ldlidar_driver) by extensions ['colcon_pkg']
[0.185s] Level 1:colcon.colcon_core.package_identification:_identify(src/ldlidar_driver) by extension 'colcon_pkg'
[0.185s] Level 1:colcon.colcon_core.package_identification:_identify(src/ldlidar_driver) by extensions ['colcon_meta']
[0.185s] Level 1:colcon.colcon_core.package_identification:_identify(src/ldlidar_driver) by extension 'colcon_meta'
[0.185s] Level 1:colcon.colcon_core.package_identification:_identify(src/ldlidar_driver) by extensions ['ros']
[0.185s] Level 1:colcon.colcon_core.package_identification:_identify(src/ldlidar_driver) by extension 'ros'
[0.185s] Level 1:colcon.colcon_core.package_identification:_identify(src/ldlidar_driver) by extensions ['cmake', 'python']
[0.185s] Level 1:colcon.colcon_core.package_identification:_identify(src/ldlidar_driver) by extension 'cmake'
[0.185s] Level 1:colcon.colcon_core.package_identification:_identify(src/ldlidar_driver) by extension 'python'
[0.185s] Level 1:colcon.colcon_core.package_identification:_identify(src/ldlidar_driver) by extensions ['python_setup_py']
[0.185s] Level 1:colcon.colcon_core.package_identification:_identify(src/ldlidar_driver) by extension 'python_setup_py'
[0.185s] Level 1:colcon.colcon_core.package_identification:_identify(src/ldlidar_driver/include) by extensions ['ignore', 'ignore_ament_install']
[0.186s] Level 1:colcon.colcon_core.package_identification:_identify(src/ldlidar_driver/include) by extension 'ignore'
[0.186s] Level 1:colcon.colcon_core.package_identification:_identify(src/ldlidar_driver/include) by extension 'ignore_ament_install'
[0.186s] Level 1:colcon.colcon_core.package_identification:_identify(src/ldlidar_driver/include) by extensions ['colcon_pkg']
[0.186s] Level 1:colcon.colcon_core.package_identification:_identify(src/ldlidar_driver/include) by extension 'colcon_pkg'
[0.186s] Level 1:colcon.colcon_core.package_identification:_identify(src/ldlidar_driver/include) by extensions ['colcon_meta']
[0.186s] Level 1:colcon.colcon_core.package_identification:_identify(src/ldlidar_driver/include) by extension 'colcon_meta'
[0.186s] Level 1:colcon.colcon_core.package_identification:_identify(src/ldlidar_driver/include) by extensions ['ros']
[0.186s] Level 1:colcon.colcon_core.package_identification:_identify(src/ldlidar_driver/include) by extension 'ros'
[0.186s] Level 1:colcon.colcon_core.package_identification:_identify(src/ldlidar_driver/include) by extensions ['cmake', 'python']
[0.186s] Level 1:colcon.colcon_core.package_identification:_identify(src/ldlidar_driver/include) by extension 'cmake'
[0.186s] Level 1:colcon.colcon_core.package_identification:_identify(src/ldlidar_driver/include) by extension 'python'
[0.186s] Level 1:colcon.colcon_core.package_identification:_identify(src/ldlidar_driver/include) by extensions ['python_setup_py']
[0.186s] Level 1:colcon.colcon_core.package_identification:_identify(src/ldlidar_driver/include) by extension 'python_setup_py'
[0.186s] Level 1:colcon.colcon_core.package_identification:_identify(src/ldlidar_driver/include/core) by extensions ['ignore', 'ignore_ament_install']
[0.186s] Level 1:colcon.colcon_core.package_identification:_identify(src/ldlidar_driver/include/core) by extension 'ignore'
[0.186s] Level 1:colcon.colcon_core.package_identification:_identify(src/ldlidar_driver/include/core) by extension 'ignore_ament_install'
[0.186s] Level 1:colcon.colcon_core.package_identification:_identify(src/ldlidar_driver/include/core) by extensions ['colcon_pkg']
[0.186s] Level 1:colcon.colcon_core.package_identification:_identify(src/ldlidar_driver/include/core) by extension 'colcon_pkg'
[0.187s] Level 1:colcon.colcon_core.package_identification:_identify(src/ldlidar_driver/include/core) by extensions ['colcon_meta']
[0.187s] Level 1:colcon.colcon_core.package_identification:_identify(src/ldlidar_driver/include/core) by extension 'colcon_meta'
[0.187s] Level 1:colcon.colcon_core.package_identification:_identify(src/ldlidar_driver/include/core) by extensions ['ros']
[0.187s] Level 1:colcon.colcon_core.package_identification:_identify(src/ldlidar_driver/include/core) by extension 'ros'
[0.187s] Level 1:colcon.colcon_core.package_identification:_identify(src/ldlidar_driver/include/core) by extensions ['cmake', 'python']
[0.187s] Level 1:colcon.colcon_core.package_identification:_identify(src/ldlidar_driver/include/core) by extension 'cmake'
[0.187s] Level 1:colcon.colcon_core.package_identification:_identify(src/ldlidar_driver/include/core) by extension 'python'
[0.187s] Level 1:colcon.colcon_core.package_identification:_identify(src/ldlidar_driver/include/core) by extensions ['python_setup_py']
[0.187s] Level 1:colcon.colcon_core.package_identification:_identify(src/ldlidar_driver/include/core) by extension 'python_setup_py'
[0.187s] Level 1:colcon.colcon_core.package_identification:_identify(src/ldlidar_driver/include/dataprocess) by extensions ['ignore', 'ignore_ament_install']
[0.187s] Level 1:colcon.colcon_core.package_identification:_identify(src/ldlidar_driver/include/dataprocess) by extension 'ignore'
[0.187s] Level 1:colcon.colcon_core.package_identification:_identify(src/ldlidar_driver/include/dataprocess) by extension 'ignore_ament_install'
[0.187s] Level 1:colcon.colcon_core.package_identification:_identify(src/ldlidar_driver/include/dataprocess) by extensions ['colcon_pkg']
[0.187s] Level 1:colcon.colcon_core.package_identification:_identify(src/ldlidar_driver/include/dataprocess) by extension 'colcon_pkg'
[0.187s] Level 1:colcon.colcon_core.package_identification:_identify(src/ldlidar_driver/include/dataprocess) by extensions ['colcon_meta']
[0.187s] Level 1:colcon.colcon_core.package_identification:_identify(src/ldlidar_driver/include/dataprocess) by extension 'colcon_meta'
[0.187s] Level 1:colcon.colcon_core.package_identification:_identify(src/ldlidar_driver/include/dataprocess) by extensions ['ros']
[0.187s] Level 1:colcon.colcon_core.package_identification:_identify(src/ldlidar_driver/include/dataprocess) by extension 'ros'
[0.187s] Level 1:colcon.colcon_core.package_identification:_identify(src/ldlidar_driver/include/dataprocess) by extensions ['cmake', 'python']
[0.187s] Level 1:colcon.colcon_core.package_identification:_identify(src/ldlidar_driver/include/dataprocess) by extension 'cmake'
[0.187s] Level 1:colcon.colcon_core.package_identification:_identify(src/ldlidar_driver/include/dataprocess) by extension 'python'
[0.188s] Level 1:colcon.colcon_core.package_identification:_identify(src/ldlidar_driver/include/dataprocess) by extensions ['python_setup_py']
[0.188s] Level 1:colcon.colcon_core.package_identification:_identify(src/ldlidar_driver/include/dataprocess) by extension 'python_setup_py'
[0.188s] Level 1:colcon.colcon_core.package_identification:_identify(src/ldlidar_driver/include/filter) by extensions ['ignore', 'ignore_ament_install']
[0.188s] Level 1:colcon.colcon_core.package_identification:_identify(src/ldlidar_driver/include/filter) by extension 'ignore'
[0.188s] Level 1:colcon.colcon_core.package_identification:_identify(src/ldlidar_driver/include/filter) by extension 'ignore_ament_install'
[0.188s] Level 1:colcon.colcon_core.package_identification:_identify(src/ldlidar_driver/include/filter) by extensions ['colcon_pkg']
[0.188s] Level 1:colcon.colcon_core.package_identification:_identify(src/ldlidar_driver/include/filter) by extension 'colcon_pkg'
[0.188s] Level 1:colcon.colcon_core.package_identification:_identify(src/ldlidar_driver/include/filter) by extensions ['colcon_meta']
[0.188s] Level 1:colcon.colcon_core.package_identification:_identify(src/ldlidar_driver/include/filter) by extension 'colcon_meta'
[0.188s] Level 1:colcon.colcon_core.package_identification:_identify(src/ldlidar_driver/include/filter) by extensions ['ros']
[0.188s] Level 1:colcon.colcon_core.package_identification:_identify(src/ldlidar_driver/include/filter) by extension 'ros'
[0.188s] Level 1:colcon.colcon_core.package_identification:_identify(src/ldlidar_driver/include/filter) by extensions ['cmake', 'python']
[0.188s] Level 1:colcon.colcon_core.package_identification:_identify(src/ldlidar_driver/include/filter) by extension 'cmake'
[0.188s] Level 1:colcon.colcon_core.package_identification:_identify(src/ldlidar_driver/include/filter) by extension 'python'
[0.188s] Level 1:colcon.colcon_core.package_identification:_identify(src/ldlidar_driver/include/filter) by extensions ['python_setup_py']
[0.188s] Level 1:colcon.colcon_core.package_identification:_identify(src/ldlidar_driver/include/filter) by extension 'python_setup_py'
[0.188s] Level 1:colcon.colcon_core.package_identification:_identify(src/ldlidar_driver/include/logger) by extensions ['ignore', 'ignore_ament_install']
[0.188s] Level 1:colcon.colcon_core.package_identification:_identify(src/ldlidar_driver/include/logger) by extension 'ignore'
[0.189s] Level 1:colcon.colcon_core.package_identification:_identify(src/ldlidar_driver/include/logger) by extension 'ignore_ament_install'
[0.189s] Level 1:colcon.colcon_core.package_identification:_identify(src/ldlidar_driver/include/logger) by extensions ['colcon_pkg']
[0.189s] Level 1:colcon.colcon_core.package_identification:_identify(src/ldlidar_driver/include/logger) by extension 'colcon_pkg'
[0.189s] Level 1:colcon.colcon_core.package_identification:_identify(src/ldlidar_driver/include/logger) by extensions ['colcon_meta']
[0.189s] Level 1:colcon.colcon_core.package_identification:_identify(src/ldlidar_driver/include/logger) by extension 'colcon_meta'
[0.189s] Level 1:colcon.colcon_core.package_identification:_identify(src/ldlidar_driver/include/logger) by extensions ['ros']
[0.189s] Level 1:colcon.colcon_core.package_identification:_identify(src/ldlidar_driver/include/logger) by extension 'ros'
[0.189s] Level 1:colcon.colcon_core.package_identification:_identify(src/ldlidar_driver/include/logger) by extensions ['cmake', 'python']
[0.189s] Level 1:colcon.colcon_core.package_identification:_identify(src/ldlidar_driver/include/logger) by extension 'cmake'
[0.189s] Level 1:colcon.colcon_core.package_identification:_identify(src/ldlidar_driver/include/logger) by extension 'python'
[0.189s] Level 1:colcon.colcon_core.package_identification:_identify(src/ldlidar_driver/include/logger) by extensions ['python_setup_py']
[0.189s] Level 1:colcon.colcon_core.package_identification:_identify(src/ldlidar_driver/include/logger) by extension 'python_setup_py'
[0.189s] Level 1:colcon.colcon_core.package_identification:_identify(src/ldlidar_driver/include/networkcom) by extensions ['ignore', 'ignore_ament_install']
[0.189s] Level 1:colcon.colcon_core.package_identification:_identify(src/ldlidar_driver/include/networkcom) by extension 'ignore'
[0.189s] Level 1:colcon.colcon_core.package_identification:_identify(src/ldlidar_driver/include/networkcom) by extension 'ignore_ament_install'
[0.189s] Level 1:colcon.colcon_core.package_identification:_identify(src/ldlidar_driver/include/networkcom) by extensions ['colcon_pkg']
[0.189s] Level 1:colcon.colcon_core.package_identification:_identify(src/ldlidar_driver/include/networkcom) by extension 'colcon_pkg'
[0.189s] Level 1:colcon.colcon_core.package_identification:_identify(src/ldlidar_driver/include/networkcom) by extensions ['colcon_meta']
[0.189s] Level 1:colcon.colcon_core.package_identification:_identify(src/ldlidar_driver/include/networkcom) by extension 'colcon_meta'
[0.189s] Level 1:colcon.colcon_core.package_identification:_identify(src/ldlidar_driver/include/networkcom) by extensions ['ros']
[0.189s] Level 1:colcon.colcon_core.package_identification:_identify(src/ldlidar_driver/include/networkcom) by extension 'ros'
[0.190s] Level 1:colcon.colcon_core.package_identification:_identify(src/ldlidar_driver/include/networkcom) by extensions ['cmake', 'python']
[0.190s] Level 1:colcon.colcon_core.package_identification:_identify(src/ldlidar_driver/include/networkcom) by extension 'cmake'
[0.190s] Level 1:colcon.colcon_core.package_identification:_identify(src/ldlidar_driver/include/networkcom) by extension 'python'
[0.190s] Level 1:colcon.colcon_core.package_identification:_identify(src/ldlidar_driver/include/networkcom) by extensions ['python_setup_py']
[0.190s] Level 1:colcon.colcon_core.package_identification:_identify(src/ldlidar_driver/include/networkcom) by extension 'python_setup_py'
[0.190s] Level 1:colcon.colcon_core.package_identification:_identify(src/ldlidar_driver/include/serialcom) by extensions ['ignore', 'ignore_ament_install']
[0.190s] Level 1:colcon.colcon_core.package_identification:_identify(src/ldlidar_driver/include/serialcom) by extension 'ignore'
[0.190s] Level 1:colcon.colcon_core.package_identification:_identify(src/ldlidar_driver/include/serialcom) by extension 'ignore_ament_install'
[0.190s] Level 1:colcon.colcon_core.package_identification:_identify(src/ldlidar_driver/include/serialcom) by extensions ['colcon_pkg']
[0.190s] Level 1:colcon.colcon_core.package_identification:_identify(src/ldlidar_driver/include/serialcom) by extension 'colcon_pkg'
[0.190s] Level 1:colcon.colcon_core.package_identification:_identify(src/ldlidar_driver/include/serialcom) by extensions ['colcon_meta']
[0.190s] Level 1:colcon.colcon_core.package_identification:_identify(src/ldlidar_driver/include/serialcom) by extension 'colcon_meta'
[0.190s] Level 1:colcon.colcon_core.package_identification:_identify(src/ldlidar_driver/include/serialcom) by extensions ['ros']
[0.190s] Level 1:colcon.colcon_core.package_identification:_identify(src/ldlidar_driver/include/serialcom) by extension 'ros'
[0.190s] Level 1:colcon.colcon_core.package_identification:_identify(src/ldlidar_driver/include/serialcom) by extensions ['cmake', 'python']
[0.190s] Level 1:colcon.colcon_core.package_identification:_identify(src/ldlidar_driver/include/serialcom) by extension 'cmake'
[0.190s] Level 1:colcon.colcon_core.package_identification:_identify(src/ldlidar_driver/include/serialcom) by extension 'python'
[0.190s] Level 1:colcon.colcon_core.package_identification:_identify(src/ldlidar_driver/include/serialcom) by extensions ['python_setup_py']
[0.190s] Level 1:colcon.colcon_core.package_identification:_identify(src/ldlidar_driver/include/serialcom) by extension 'python_setup_py'
[0.191s] Level 1:colcon.colcon_core.package_identification:_identify(src/ldlidar_driver/src) by extensions ['ignore', 'ignore_ament_install']
[0.191s] Level 1:colcon.colcon_core.package_identification:_identify(src/ldlidar_driver/src) by extension 'ignore'
[0.191s] Level 1:colcon.colcon_core.package_identification:_identify(src/ldlidar_driver/src) by extension 'ignore_ament_install'
[0.191s] Level 1:colcon.colcon_core.package_identification:_identify(src/ldlidar_driver/src) by extensions ['colcon_pkg']
[0.191s] Level 1:colcon.colcon_core.package_identification:_identify(src/ldlidar_driver/src) by extension 'colcon_pkg'
[0.191s] Level 1:colcon.colcon_core.package_identification:_identify(src/ldlidar_driver/src) by extensions ['colcon_meta']
[0.191s] Level 1:colcon.colcon_core.package_identification:_identify(src/ldlidar_driver/src) by extension 'colcon_meta'
[0.191s] Level 1:colcon.colcon_core.package_identification:_identify(src/ldlidar_driver/src) by extensions ['ros']
[0.191s] Level 1:colcon.colcon_core.package_identification:_identify(src/ldlidar_driver/src) by extension 'ros'
[0.191s] Level 1:colcon.colcon_core.package_identification:_identify(src/ldlidar_driver/src) by extensions ['cmake', 'python']
[0.191s] Level 1:colcon.colcon_core.package_identification:_identify(src/ldlidar_driver/src) by extension 'cmake'
[0.191s] Level 1:colcon.colcon_core.package_identification:_identify(src/ldlidar_driver/src) by extension 'python'
[0.191s] Level 1:colcon.colcon_core.package_identification:_identify(src/ldlidar_driver/src) by extensions ['python_setup_py']
[0.191s] Level 1:colcon.colcon_core.package_identification:_identify(src/ldlidar_driver/src) by extension 'python_setup_py'
[0.191s] Level 1:colcon.colcon_core.package_identification:_identify(src/ldlidar_driver/src/core) by extensions ['ignore', 'ignore_ament_install']
[0.191s] Level 1:colcon.colcon_core.package_identification:_identify(src/ldlidar_driver/src/core) by extension 'ignore'
[0.192s] Level 1:colcon.colcon_core.package_identification:_identify(src/ldlidar_driver/src/core) by extension 'ignore_ament_install'
[0.192s] Level 1:colcon.colcon_core.package_identification:_identify(src/ldlidar_driver/src/core) by extensions ['colcon_pkg']
[0.192s] Level 1:colcon.colcon_core.package_identification:_identify(src/ldlidar_driver/src/core) by extension 'colcon_pkg'
[0.192s] Level 1:colcon.colcon_core.package_identification:_identify(src/ldlidar_driver/src/core) by extensions ['colcon_meta']
[0.192s] Level 1:colcon.colcon_core.package_identification:_identify(src/ldlidar_driver/src/core) by extension 'colcon_meta'
[0.192s] Level 1:colcon.colcon_core.package_identification:_identify(src/ldlidar_driver/src/core) by extensions ['ros']
[0.192s] Level 1:colcon.colcon_core.package_identification:_identify(src/ldlidar_driver/src/core) by extension 'ros'
[0.192s] Level 1:colcon.colcon_core.package_identification:_identify(src/ldlidar_driver/src/core) by extensions ['cmake', 'python']
[0.192s] Level 1:colcon.colcon_core.package_identification:_identify(src/ldlidar_driver/src/core) by extension 'cmake'
[0.192s] Level 1:colcon.colcon_core.package_identification:_identify(src/ldlidar_driver/src/core) by extension 'python'
[0.192s] Level 1:colcon.colcon_core.package_identification:_identify(src/ldlidar_driver/src/core) by extensions ['python_setup_py']
[0.192s] Level 1:colcon.colcon_core.package_identification:_identify(src/ldlidar_driver/src/core) by extension 'python_setup_py'
[0.192s] Level 1:colcon.colcon_core.package_identification:_identify(src/ldlidar_driver/src/dataprocess) by extensions ['ignore', 'ignore_ament_install']
[0.192s] Level 1:colcon.colcon_core.package_identification:_identify(src/ldlidar_driver/src/dataprocess) by extension 'ignore'
[0.192s] Level 1:colcon.colcon_core.package_identification:_identify(src/ldlidar_driver/src/dataprocess) by extension 'ignore_ament_install'
[0.192s] Level 1:colcon.colcon_core.package_identification:_identify(src/ldlidar_driver/src/dataprocess) by extensions ['colcon_pkg']
[0.192s] Level 1:colcon.colcon_core.package_identification:_identify(src/ldlidar_driver/src/dataprocess) by extension 'colcon_pkg'
[0.192s] Level 1:colcon.colcon_core.package_identification:_identify(src/ldlidar_driver/src/dataprocess) by extensions ['colcon_meta']
[0.192s] Level 1:colcon.colcon_core.package_identification:_identify(src/ldlidar_driver/src/dataprocess) by extension 'colcon_meta'
[0.192s] Level 1:colcon.colcon_core.package_identification:_identify(src/ldlidar_driver/src/dataprocess) by extensions ['ros']
[0.192s] Level 1:colcon.colcon_core.package_identification:_identify(src/ldlidar_driver/src/dataprocess) by extension 'ros'
[0.193s] Level 1:colcon.colcon_core.package_identification:_identify(src/ldlidar_driver/src/dataprocess) by extensions ['cmake', 'python']
[0.193s] Level 1:colcon.colcon_core.package_identification:_identify(src/ldlidar_driver/src/dataprocess) by extension 'cmake'
[0.193s] Level 1:colcon.colcon_core.package_identification:_identify(src/ldlidar_driver/src/dataprocess) by extension 'python'
[0.193s] Level 1:colcon.colcon_core.package_identification:_identify(src/ldlidar_driver/src/dataprocess) by extensions ['python_setup_py']
[0.193s] Level 1:colcon.colcon_core.package_identification:_identify(src/ldlidar_driver/src/dataprocess) by extension 'python_setup_py'
[0.193s] Level 1:colcon.colcon_core.package_identification:_identify(src/ldlidar_driver/src/filter) by extensions ['ignore', 'ignore_ament_install']
[0.193s] Level 1:colcon.colcon_core.package_identification:_identify(src/ldlidar_driver/src/filter) by extension 'ignore'
[0.193s] Level 1:colcon.colcon_core.package_identification:_identify(src/ldlidar_driver/src/filter) by extension 'ignore_ament_install'
[0.193s] Level 1:colcon.colcon_core.package_identification:_identify(src/ldlidar_driver/src/filter) by extensions ['colcon_pkg']
[0.193s] Level 1:colcon.colcon_core.package_identification:_identify(src/ldlidar_driver/src/filter) by extension 'colcon_pkg'
[0.193s] Level 1:colcon.colcon_core.package_identification:_identify(src/ldlidar_driver/src/filter) by extensions ['colcon_meta']
[0.193s] Level 1:colcon.colcon_core.package_identification:_identify(src/ldlidar_driver/src/filter) by extension 'colcon_meta'
[0.193s] Level 1:colcon.colcon_core.package_identification:_identify(src/ldlidar_driver/src/filter) by extensions ['ros']
[0.193s] Level 1:colcon.colcon_core.package_identification:_identify(src/ldlidar_driver/src/filter) by extension 'ros'
[0.193s] Level 1:colcon.colcon_core.package_identification:_identify(src/ldlidar_driver/src/filter) by extensions ['cmake', 'python']
[0.193s] Level 1:colcon.colcon_core.package_identification:_identify(src/ldlidar_driver/src/filter) by extension 'cmake'
[0.193s] Level 1:colcon.colcon_core.package_identification:_identify(src/ldlidar_driver/src/filter) by extension 'python'
[0.193s] Level 1:colcon.colcon_core.package_identification:_identify(src/ldlidar_driver/src/filter) by extensions ['python_setup_py']
[0.193s] Level 1:colcon.colcon_core.package_identification:_identify(src/ldlidar_driver/src/filter) by extension 'python_setup_py'
[0.194s] Level 1:colcon.colcon_core.package_identification:_identify(src/ldlidar_driver/src/logger) by extensions ['ignore', 'ignore_ament_install']
[0.194s] Level 1:colcon.colcon_core.package_identification:_identify(src/ldlidar_driver/src/logger) by extension 'ignore'
[0.194s] Level 1:colcon.colcon_core.package_identification:_identify(src/ldlidar_driver/src/logger) by extension 'ignore_ament_install'
[0.194s] Level 1:colcon.colcon_core.package_identification:_identify(src/ldlidar_driver/src/logger) by extensions ['colcon_pkg']
[0.194s] Level 1:colcon.colcon_core.package_identification:_identify(src/ldlidar_driver/src/logger) by extension 'colcon_pkg'
[0.194s] Level 1:colcon.colcon_core.package_identification:_identify(src/ldlidar_driver/src/logger) by extensions ['colcon_meta']
[0.194s] Level 1:colcon.colcon_core.package_identification:_identify(src/ldlidar_driver/src/logger) by extension 'colcon_meta'
[0.194s] Level 1:colcon.colcon_core.package_identification:_identify(src/ldlidar_driver/src/logger) by extensions ['ros']
[0.194s] Level 1:colcon.colcon_core.package_identification:_identify(src/ldlidar_driver/src/logger) by extension 'ros'
[0.194s] Level 1:colcon.colcon_core.package_identification:_identify(src/ldlidar_driver/src/logger) by extensions ['cmake', 'python']
[0.194s] Level 1:colcon.colcon_core.package_identification:_identify(src/ldlidar_driver/src/logger) by extension 'cmake'
[0.194s] Level 1:colcon.colcon_core.package_identification:_identify(src/ldlidar_driver/src/logger) by extension 'python'
[0.194s] Level 1:colcon.colcon_core.package_identification:_identify(src/ldlidar_driver/src/logger) by extensions ['python_setup_py']
[0.194s] Level 1:colcon.colcon_core.package_identification:_identify(src/ldlidar_driver/src/logger) by extension 'python_setup_py'
[0.194s] Level 1:colcon.colcon_core.package_identification:_identify(src/ldlidar_driver/src/networkcom) by extensions ['ignore', 'ignore_ament_install']
[0.194s] Level 1:colcon.colcon_core.package_identification:_identify(src/ldlidar_driver/src/networkcom) by extension 'ignore'
[0.194s] Level 1:colcon.colcon_core.package_identification:_identify(src/ldlidar_driver/src/networkcom) by extension 'ignore_ament_install'
[0.195s] Level 1:colcon.colcon_core.package_identification:_identify(src/ldlidar_driver/src/networkcom) by extensions ['colcon_pkg']
[0.195s] Level 1:colcon.colcon_core.package_identification:_identify(src/ldlidar_driver/src/networkcom) by extension 'colcon_pkg'
[0.195s] Level 1:colcon.colcon_core.package_identification:_identify(src/ldlidar_driver/src/networkcom) by extensions ['colcon_meta']
[0.195s] Level 1:colcon.colcon_core.package_identification:_identify(src/ldlidar_driver/src/networkcom) by extension 'colcon_meta'
[0.195s] Level 1:colcon.colcon_core.package_identification:_identify(src/ldlidar_driver/src/networkcom) by extensions ['ros']
[0.195s] Level 1:colcon.colcon_core.package_identification:_identify(src/ldlidar_driver/src/networkcom) by extension 'ros'
[0.195s] Level 1:colcon.colcon_core.package_identification:_identify(src/ldlidar_driver/src/networkcom) by extensions ['cmake', 'python']
[0.195s] Level 1:colcon.colcon_core.package_identification:_identify(src/ldlidar_driver/src/networkcom) by extension 'cmake'
[0.195s] Level 1:colcon.colcon_core.package_identification:_identify(src/ldlidar_driver/src/networkcom) by extension 'python'
[0.195s] Level 1:colcon.colcon_core.package_identification:_identify(src/ldlidar_driver/src/networkcom) by extensions ['python_setup_py']
[0.195s] Level 1:colcon.colcon_core.package_identification:_identify(src/ldlidar_driver/src/networkcom) by extension 'python_setup_py'
[0.195s] Level 1:colcon.colcon_core.package_identification:_identify(src/ldlidar_driver/src/serialcom) by extensions ['ignore', 'ignore_ament_install']
[0.195s] Level 1:colcon.colcon_core.package_identification:_identify(src/ldlidar_driver/src/serialcom) by extension 'ignore'
[0.195s] Level 1:colcon.colcon_core.package_identification:_identify(src/ldlidar_driver/src/serialcom) by extension 'ignore_ament_install'
[0.195s] Level 1:colcon.colcon_core.package_identification:_identify(src/ldlidar_driver/src/serialcom) by extensions ['colcon_pkg']
[0.195s] Level 1:colcon.colcon_core.package_identification:_identify(src/ldlidar_driver/src/serialcom) by extension 'colcon_pkg'
[0.195s] Level 1:colcon.colcon_core.package_identification:_identify(src/ldlidar_driver/src/serialcom) by extensions ['colcon_meta']
[0.195s] Level 1:colcon.colcon_core.package_identification:_identify(src/ldlidar_driver/src/serialcom) by extension 'colcon_meta'
[0.195s] Level 1:colcon.colcon_core.package_identification:_identify(src/ldlidar_driver/src/serialcom) by extensions ['ros']
[0.195s] Level 1:colcon.colcon_core.package_identification:_identify(src/ldlidar_driver/src/serialcom) by extension 'ros'
[0.196s] Level 1:colcon.colcon_core.package_identification:_identify(src/ldlidar_driver/src/serialcom) by extensions ['cmake', 'python']
[0.196s] Level 1:colcon.colcon_core.package_identification:_identify(src/ldlidar_driver/src/serialcom) by extension 'cmake'
[0.196s] Level 1:colcon.colcon_core.package_identification:_identify(src/ldlidar_driver/src/serialcom) by extension 'python'
[0.196s] Level 1:colcon.colcon_core.package_identification:_identify(src/ldlidar_driver/src/serialcom) by extensions ['python_setup_py']
[0.196s] Level 1:colcon.colcon_core.package_identification:_identify(src/ldlidar_driver/src/serialcom) by extension 'python_setup_py'
[0.196s] Level 1:colcon.colcon_core.package_identification:_identify(src/log) by extensions ['ignore', 'ignore_ament_install']
[0.196s] Level 1:colcon.colcon_core.package_identification:_identify(src/log) by extension 'ignore'
[0.196s] Level 1:colcon.colcon_core.package_identification:_identify(src/log) ignored
[0.196s] Level 1:colcon.colcon_core.package_identification:_identify(src/test_node) by extensions ['ignore', 'ignore_ament_install']
[0.196s] Level 1:colcon.colcon_core.package_identification:_identify(src/test_node) by extension 'ignore'
[0.196s] Level 1:colcon.colcon_core.package_identification:_identify(src/test_node) by extension 'ignore_ament_install'
[0.196s] Level 1:colcon.colcon_core.package_identification:_identify(src/test_node) by extensions ['colcon_pkg']
[0.196s] Level 1:colcon.colcon_core.package_identification:_identify(src/test_node) by extension 'colcon_pkg'
[0.196s] Level 1:colcon.colcon_core.package_identification:_identify(src/test_node) by extensions ['colcon_meta']
[0.196s] Level 1:colcon.colcon_core.package_identification:_identify(src/test_node) by extension 'colcon_meta'
[0.196s] Level 1:colcon.colcon_core.package_identification:_identify(src/test_node) by extensions ['ros']
[0.196s] Level 1:colcon.colcon_core.package_identification:_identify(src/test_node) by extension 'ros'
[0.197s] DEBUG:colcon.colcon_core.package_identification:Package 'src/test_node' with type 'ros.ament_cmake' and name 'test_node'
[0.197s] Level 1:colcon.colcon_core.package_discovery:discover_packages(recursive) using defaults
[0.197s] Level 1:colcon.colcon_core.package_discovery:discover_packages(ignore) discover
[0.197s] Level 1:colcon.colcon_core.package_discovery:discover_packages(ignore) using defaults
[0.197s] Level 1:colcon.colcon_core.package_discovery:discover_packages(path) discover
[0.197s] Level 1:colcon.colcon_core.package_discovery:discover_packages(path) using defaults
[0.209s] Level 1:colcon.colcon_core.package_discovery:discover_packages(prefix_path) check parameters
[0.209s] Level 1:colcon.colcon_core.package_discovery:discover_packages(prefix_path) discover
[0.211s] DEBUG:colcon.colcon_installed_package_information.package_discovery:Found 285 installed packages in /opt/ros/jazzy
[0.212s] Level 1:colcon.colcon_core.package_discovery:discover_packages(prefix_path) using defaults
[0.227s] Level 5:colcon.colcon_core.verb:set package 'ldlidar' build argument 'cmake_args' from command line to 'None'
[0.227s] Level 5:colcon.colcon_core.verb:set package 'ldlidar' build argument 'cmake_target' from command line to 'None'
[0.227s] Level 5:colcon.colcon_core.verb:set package 'ldlidar' build argument 'cmake_target_skip_unavailable' from command line to 'False'
[0.227s] Level 5:colcon.colcon_core.verb:set package 'ldlidar' build argument 'cmake_clean_cache' from command line to 'False'
[0.227s] Level 5:colcon.colcon_core.verb:set package 'ldlidar' build argument 'cmake_clean_first' from command line to 'False'
[0.227s] Level 5:colcon.colcon_core.verb:set package 'ldlidar' build argument 'cmake_force_configure' from command line to 'False'
[0.227s] Level 5:colcon.colcon_core.verb:set package 'ldlidar' build argument 'ament_cmake_args' from command line to 'None'
[0.227s] Level 5:colcon.colcon_core.verb:set package 'ldlidar' build argument 'catkin_cmake_args' from command line to 'None'
[0.227s] Level 5:colcon.colcon_core.verb:set package 'ldlidar' build argument 'catkin_skip_building_tests' from command line to 'False'
[0.227s] DEBUG:colcon.colcon_core.verb:Building package 'ldlidar' with the following arguments: {'ament_cmake_args': None, 'build_base': '/home/slambot/ros2_ws/build/ldlidar', 'catkin_cmake_args': None, 'catkin_skip_building_tests': False, 'cmake_args': None, 'cmake_clean_cache': False, 'cmake_clean_first': False, 'cmake_force_configure': False, 'cmake_target': None, 'cmake_target_skip_unavailable': False, 'install_base': '/home/slambot/ros2_ws/install/ldlidar', 'merge_install': False, 'path': '/home/slambot/ros2_ws/src/ldlidar', 'symlink_install': False, 'test_result_base': None}
[0.227s] Level 5:colcon.colcon_core.verb:set package 'test_node' build argument 'cmake_args' from command line to 'None'
[0.227s] Level 5:colcon.colcon_core.verb:set package 'test_node' build argument 'cmake_target' from command line to 'None'
[0.227s] Level 5:colcon.colcon_core.verb:set package 'test_node' build argument 'cmake_target_skip_unavailable' from command line to 'False'
[0.227s] Level 5:colcon.colcon_core.verb:set package 'test_node' build argument 'cmake_clean_cache' from command line to 'False'
[0.227s] Level 5:colcon.colcon_core.verb:set package 'test_node' build argument 'cmake_clean_first' from command line to 'False'
[0.227s] Level 5:colcon.colcon_core.verb:set package 'test_node' build argument 'cmake_force_configure' from command line to 'False'
[0.227s] Level 5:colcon.colcon_core.verb:set package 'test_node' build argument 'ament_cmake_args' from command line to 'None'
[0.227s] Level 5:colcon.colcon_core.verb:set package 'test_node' build argument 'catkin_cmake_args' from command line to 'None'
[0.227s] Level 5:colcon.colcon_core.verb:set package 'test_node' build argument 'catkin_skip_building_tests' from command line to 'False'
[0.227s] DEBUG:colcon.colcon_core.verb:Building package 'test_node' with the following arguments: {'ament_cmake_args': None, 'build_base': '/home/slambot/ros2_ws/build/test_node', 'catkin_cmake_args': None, 'catkin_skip_building_tests': False, 'cmake_args': None, 'cmake_clean_cache': False, 'cmake_clean_first': False, 'cmake_force_configure': False, 'cmake_target': None, 'cmake_target_skip_unavailable': False, 'install_base': '/home/slambot/ros2_ws/install/test_node', 'merge_install': False, 'path': '/home/slambot/ros2_ws/src/test_node', 'symlink_install': False, 'test_result_base': None}
[0.227s] INFO:colcon.colcon_core.executor:Executing jobs using 'parallel' executor
[0.228s] DEBUG:colcon.colcon_parallel_executor.executor.parallel:run_until_complete
[0.228s] INFO:colcon.colcon_ros.task.ament_cmake.build:Building ROS package in '/home/slambot/ros2_ws/src/ldlidar' with build type 'ament_cmake'
[0.228s] INFO:colcon.colcon_cmake.task.cmake.build:Building CMake package in '/home/slambot/ros2_ws/src/ldlidar'
[0.230s] INFO:colcon.colcon_core.plugin_system:Skipping extension 'colcon_core.shell.bat': Not used on non-Windows systems
[0.230s] INFO:colcon.colcon_core.shell:Skip shell extension 'powershell' for command environment: Not usable outside of PowerShell
[0.230s] DEBUG:colcon.colcon_core.shell:Skip shell extension 'dsv' for command environment
[0.232s] INFO:colcon.colcon_ros.task.ament_cmake.build:Building ROS package in '/home/slambot/ros2_ws/src/test_node' with build type 'ament_cmake'
[0.232s] INFO:colcon.colcon_cmake.task.cmake.build:Building CMake package in '/home/slambot/ros2_ws/src/test_node'
[0.232s] INFO:colcon.colcon_core.shell:Skip shell extension 'powershell' for command environment: Not usable outside of PowerShell
[0.232s] DEBUG:colcon.colcon_core.shell:Skip shell extension 'dsv' for command environment
[0.238s] DEBUG:colcon.colcon_core.event_handler.log_command:Invoking command in '/home/slambot/ros2_ws/build/ldlidar': CMAKE_PREFIX_PATH=${CMAKE_PREFIX_PATH}:/opt/ros/jazzy /usr/bin/cmake --build /home/slambot/ros2_ws/build/ldlidar -- -j14 -l14
[0.242s] DEBUG:colcon.colcon_core.event_handler.log_command:Invoking command in '/home/slambot/ros2_ws/build/test_node': CMAKE_PREFIX_PATH=${CMAKE_PREFIX_PATH}:/opt/ros/jazzy /usr/bin/cmake --build /home/slambot/ros2_ws/build/test_node -- -j14 -l14
[0.324s] DEBUG:colcon.colcon_core.event_handler.log_command:Invoked command in '/home/slambot/ros2_ws/build/test_node' returned '0': CMAKE_PREFIX_PATH=${CMAKE_PREFIX_PATH}:/opt/ros/jazzy /usr/bin/cmake --build /home/slambot/ros2_ws/build/test_node -- -j14 -l14
[0.329s] DEBUG:colcon.colcon_core.event_handler.log_command:Invoking command in '/home/slambot/ros2_ws/build/test_node': CMAKE_PREFIX_PATH=${CMAKE_PREFIX_PATH}:/opt/ros/jazzy /usr/bin/cmake --install /home/slambot/ros2_ws/build/test_node
[0.330s] DEBUG:colcon.colcon_core.event_handler.log_command:Invoked command in '/home/slambot/ros2_ws/build/ldlidar' returned '0': CMAKE_PREFIX_PATH=${CMAKE_PREFIX_PATH}:/opt/ros/jazzy /usr/bin/cmake --build /home/slambot/ros2_ws/build/ldlidar -- -j14 -l14
[0.331s] DEBUG:colcon.colcon_core.event_handler.log_command:Invoking command in '/home/slambot/ros2_ws/build/ldlidar': CMAKE_PREFIX_PATH=${CMAKE_PREFIX_PATH}:/opt/ros/jazzy /usr/bin/cmake --install /home/slambot/ros2_ws/build/ldlidar
[0.343s] Level 1:colcon.colcon_core.environment:create_environment_scripts_only(test_node)
[0.348s] Level 1:colcon.colcon_core.environment:checking '/home/slambot/ros2_ws/install/test_node' for CMake module files
[0.349s] DEBUG:colcon.colcon_core.event_handler.log_command:Invoked command in '/home/slambot/ros2_ws/build/test_node' returned '0': CMAKE_PREFIX_PATH=${CMAKE_PREFIX_PATH}:/opt/ros/jazzy /usr/bin/cmake --install /home/slambot/ros2_ws/build/test_node
[0.350s] Level 1:colcon.colcon_core.environment:checking '/home/slambot/ros2_ws/install/test_node' for CMake config files
[0.351s] Level 1:colcon.colcon_core.shell:create_environment_hook('test_node', 'cmake_prefix_path')
[0.351s] INFO:colcon.colcon_core.shell:Creating environment hook '/home/slambot/ros2_ws/install/test_node/share/test_node/hook/cmake_prefix_path.ps1'
[0.353s] INFO:colcon.colcon_core.shell:Creating environment descriptor '/home/slambot/ros2_ws/install/test_node/share/test_node/hook/cmake_prefix_path.dsv'
[0.353s] INFO:colcon.colcon_core.shell:Creating environment hook '/home/slambot/ros2_ws/install/test_node/share/test_node/hook/cmake_prefix_path.sh'
[0.354s] Level 1:colcon.colcon_core.environment:checking '/home/slambot/ros2_ws/install/test_node/lib'
[0.354s] Level 1:colcon.colcon_core.shell:create_environment_hook('test_node', 'ld_library_path_lib')
[0.354s] INFO:colcon.colcon_core.shell:Creating environment hook '/home/slambot/ros2_ws/install/test_node/share/test_node/hook/ld_library_path_lib.ps1'
[0.355s] INFO:colcon.colcon_core.shell:Creating environment descriptor '/home/slambot/ros2_ws/install/test_node/share/test_node/hook/ld_library_path_lib.dsv'
[0.355s] INFO:colcon.colcon_core.shell:Creating environment hook '/home/slambot/ros2_ws/install/test_node/share/test_node/hook/ld_library_path_lib.sh'
[0.356s] Level 1:colcon.colcon_core.environment:checking '/home/slambot/ros2_ws/install/test_node/bin'
[0.356s] Level 1:colcon.colcon_core.environment:checking '/home/slambot/ros2_ws/install/test_node/lib/pkgconfig/test_node.pc'
[0.356s] Level 1:colcon.colcon_core.environment:checking '/home/slambot/ros2_ws/install/test_node/lib/python3.12/site-packages'
[0.356s] Level 1:colcon.colcon_core.environment:checking '/home/slambot/ros2_ws/install/test_node/bin'
[0.356s] INFO:colcon.colcon_core.shell:Creating package script '/home/slambot/ros2_ws/install/test_node/share/test_node/package.ps1'
[0.357s] INFO:colcon.colcon_core.shell:Creating package descriptor '/home/slambot/ros2_ws/install/test_node/share/test_node/package.dsv'
[0.357s] INFO:colcon.colcon_core.shell:Creating package script '/home/slambot/ros2_ws/install/test_node/share/test_node/package.sh'
[0.358s] INFO:colcon.colcon_core.shell:Creating package script '/home/slambot/ros2_ws/install/test_node/share/test_node/package.bash'
[0.358s] INFO:colcon.colcon_core.shell:Creating package script '/home/slambot/ros2_ws/install/test_node/share/test_node/package.zsh'
[0.359s] Level 1:colcon.colcon_core.environment:create_file_with_runtime_dependencies(/home/slambot/ros2_ws/install/test_node/share/colcon-core/packages/test_node)
[0.360s] Level 1:colcon.colcon_core.environment:create_environment_scripts_only(test_node)
[0.360s] Level 1:colcon.colcon_core.environment:checking '/home/slambot/ros2_ws/install/test_node' for CMake module files
[0.361s] Level 1:colcon.colcon_core.environment:checking '/home/slambot/ros2_ws/install/test_node' for CMake config files
[0.361s] Level 1:colcon.colcon_core.shell:create_environment_hook('test_node', 'cmake_prefix_path')
[0.362s] INFO:colcon.colcon_core.shell:Creating environment hook '/home/slambot/ros2_ws/install/test_node/share/test_node/hook/cmake_prefix_path.ps1'
[0.362s] INFO:colcon.colcon_core.shell:Creating environment descriptor '/home/slambot/ros2_ws/install/test_node/share/test_node/hook/cmake_prefix_path.dsv'
[0.362s] INFO:colcon.colcon_core.shell:Creating environment hook '/home/slambot/ros2_ws/install/test_node/share/test_node/hook/cmake_prefix_path.sh'
[0.363s] Level 1:colcon.colcon_core.environment:checking '/home/slambot/ros2_ws/install/test_node/lib'
[0.363s] Level 1:colcon.colcon_core.shell:create_environment_hook('test_node', 'ld_library_path_lib')
[0.363s] INFO:colcon.colcon_core.shell:Creating environment hook '/home/slambot/ros2_ws/install/test_node/share/test_node/hook/ld_library_path_lib.ps1'
[0.363s] INFO:colcon.colcon_core.shell:Creating environment descriptor '/home/slambot/ros2_ws/install/test_node/share/test_node/hook/ld_library_path_lib.dsv'
[0.364s] INFO:colcon.colcon_core.shell:Creating environment hook '/home/slambot/ros2_ws/install/test_node/share/test_node/hook/ld_library_path_lib.sh'
[0.364s] Level 1:colcon.colcon_core.environment:checking '/home/slambot/ros2_ws/install/test_node/bin'
[0.364s] Level 1:colcon.colcon_core.environment:checking '/home/slambot/ros2_ws/install/test_node/lib/pkgconfig/test_node.pc'
[0.364s] Level 1:colcon.colcon_core.environment:checking '/home/slambot/ros2_ws/install/test_node/lib/python3.12/site-packages'
[0.364s] Level 1:colcon.colcon_core.environment:checking '/home/slambot/ros2_ws/install/test_node/bin'
[0.365s] INFO:colcon.colcon_core.shell:Creating package script '/home/slambot/ros2_ws/install/test_node/share/test_node/package.ps1'
[0.365s] INFO:colcon.colcon_core.shell:Creating package descriptor '/home/slambot/ros2_ws/install/test_node/share/test_node/package.dsv'
[0.365s] INFO:colcon.colcon_core.shell:Creating package script '/home/slambot/ros2_ws/install/test_node/share/test_node/package.sh'
[0.365s] INFO:colcon.colcon_core.shell:Creating package script '/home/slambot/ros2_ws/install/test_node/share/test_node/package.bash'
[0.366s] INFO:colcon.colcon_core.shell:Creating package script '/home/slambot/ros2_ws/install/test_node/share/test_node/package.zsh'
[0.366s] Level 1:colcon.colcon_core.environment:create_file_with_runtime_dependencies(/home/slambot/ros2_ws/install/test_node/share/colcon-core/packages/test_node)
[0.367s] Level 1:colcon.colcon_core.environment:create_environment_scripts_only(ldlidar)
[0.367s] Level 1:colcon.colcon_core.environment:checking '/home/slambot/ros2_ws/install/ldlidar' for CMake module files
[0.368s] DEBUG:colcon.colcon_core.event_handler.log_command:Invoked command in '/home/slambot/ros2_ws/build/ldlidar' returned '0': CMAKE_PREFIX_PATH=${CMAKE_PREFIX_PATH}:/opt/ros/jazzy /usr/bin/cmake --install /home/slambot/ros2_ws/build/ldlidar
[0.368s] Level 1:colcon.colcon_core.environment:checking '/home/slambot/ros2_ws/install/ldlidar' for CMake config files
[0.369s] Level 1:colcon.colcon_core.shell:create_environment_hook('ldlidar', 'cmake_prefix_path')
[0.369s] INFO:colcon.colcon_core.shell:Creating environment hook '/home/slambot/ros2_ws/install/ldlidar/share/ldlidar/hook/cmake_prefix_path.ps1'
[0.369s] INFO:colcon.colcon_core.shell:Creating environment descriptor '/home/slambot/ros2_ws/install/ldlidar/share/ldlidar/hook/cmake_prefix_path.dsv'
[0.370s] INFO:colcon.colcon_core.shell:Creating environment hook '/home/slambot/ros2_ws/install/ldlidar/share/ldlidar/hook/cmake_prefix_path.sh'
[0.370s] Level 1:colcon.colcon_core.environment:checking '/home/slambot/ros2_ws/install/ldlidar/lib'
[0.370s] Level 1:colcon.colcon_core.environment:checking '/home/slambot/ros2_ws/install/ldlidar/bin'
[0.370s] Level 1:colcon.colcon_core.environment:checking '/home/slambot/ros2_ws/install/ldlidar/lib/pkgconfig/ldlidar.pc'
[0.371s] Level 1:colcon.colcon_core.environment:checking '/home/slambot/ros2_ws/install/ldlidar/lib/python3.12/site-packages'
[0.371s] Level 1:colcon.colcon_core.environment:checking '/home/slambot/ros2_ws/install/ldlidar/bin'
[0.371s] INFO:colcon.colcon_core.shell:Creating package script '/home/slambot/ros2_ws/install/ldlidar/share/ldlidar/package.ps1'
[0.371s] INFO:colcon.colcon_core.shell:Creating package descriptor '/home/slambot/ros2_ws/install/ldlidar/share/ldlidar/package.dsv'
[0.372s] INFO:colcon.colcon_core.shell:Creating package script '/home/slambot/ros2_ws/install/ldlidar/share/ldlidar/package.sh'
[0.372s] INFO:colcon.colcon_core.shell:Creating package script '/home/slambot/ros2_ws/install/ldlidar/share/ldlidar/package.bash'
[0.372s] INFO:colcon.colcon_core.shell:Creating package script '/home/slambot/ros2_ws/install/ldlidar/share/ldlidar/package.zsh'
[0.373s] Level 1:colcon.colcon_core.environment:create_file_with_runtime_dependencies(/home/slambot/ros2_ws/install/ldlidar/share/colcon-core/packages/ldlidar)
[0.373s] Level 1:colcon.colcon_core.environment:create_environment_scripts_only(ldlidar)
[0.373s] Level 1:colcon.colcon_core.environment:checking '/home/slambot/ros2_ws/install/ldlidar' for CMake module files
[0.374s] Level 1:colcon.colcon_core.environment:checking '/home/slambot/ros2_ws/install/ldlidar' for CMake config files
[0.375s] Level 1:colcon.colcon_core.shell:create_environment_hook('ldlidar', 'cmake_prefix_path')
[0.375s] INFO:colcon.colcon_core.shell:Creating environment hook '/home/slambot/ros2_ws/install/ldlidar/share/ldlidar/hook/cmake_prefix_path.ps1'
[0.375s] INFO:colcon.colcon_core.shell:Creating environment descriptor '/home/slambot/ros2_ws/install/ldlidar/share/ldlidar/hook/cmake_prefix_path.dsv'
[0.376s] INFO:colcon.colcon_core.shell:Creating environment hook '/home/slambot/ros2_ws/install/ldlidar/share/ldlidar/hook/cmake_prefix_path.sh'
[0.376s] Level 1:colcon.colcon_core.environment:checking '/home/slambot/ros2_ws/install/ldlidar/lib'
[0.376s] Level 1:colcon.colcon_core.environment:checking '/home/slambot/ros2_ws/install/ldlidar/bin'
[0.376s] Level 1:colcon.colcon_core.environment:checking '/home/slambot/ros2_ws/install/ldlidar/lib/pkgconfig/ldlidar.pc'
[0.377s] Level 1:colcon.colcon_core.environment:checking '/home/slambot/ros2_ws/install/ldlidar/lib/python3.12/site-packages'
[0.377s] Level 1:colcon.colcon_core.environment:checking '/home/slambot/ros2_ws/install/ldlidar/bin'
[0.377s] INFO:colcon.colcon_core.shell:Creating package script '/home/slambot/ros2_ws/install/ldlidar/share/ldlidar/package.ps1'
[0.377s] INFO:colcon.colcon_core.shell:Creating package descriptor '/home/slambot/ros2_ws/install/ldlidar/share/ldlidar/package.dsv'
[0.378s] INFO:colcon.colcon_core.shell:Creating package script '/home/slambot/ros2_ws/install/ldlidar/share/ldlidar/package.sh'
[0.378s] INFO:colcon.colcon_core.shell:Creating package script '/home/slambot/ros2_ws/install/ldlidar/share/ldlidar/package.bash'
[0.378s] INFO:colcon.colcon_core.shell:Creating package script '/home/slambot/ros2_ws/install/ldlidar/share/ldlidar/package.zsh'
[0.379s] Level 1:colcon.colcon_core.environment:create_file_with_runtime_dependencies(/home/slambot/ros2_ws/install/ldlidar/share/colcon-core/packages/ldlidar)
[0.379s] DEBUG:colcon.colcon_parallel_executor.executor.parallel:closing loop
[0.379s] DEBUG:colcon.colcon_parallel_executor.executor.parallel:loop closed
[0.379s] DEBUG:colcon.colcon_parallel_executor.executor.parallel:run_until_complete finished with '0'
[0.379s] DEBUG:colcon.colcon_core.event_reactor:joining thread
[0.385s] INFO:colcon.colcon_core.plugin_system:Skipping extension 'colcon_notification.desktop_notification.notify_send': Could not find 'notify-send'
[0.385s] INFO:colcon.colcon_core.plugin_system:Skipping extension 'colcon_notification.desktop_notification.terminal_notifier': Not used on non-Darwin systems
[0.385s] INFO:colcon.colcon_core.plugin_system:Skipping extension 'colcon_notification.desktop_notification.win32': Not used on non-Windows systems
[0.385s] INFO:colcon.colcon_notification.desktop_notification:Sending desktop notification using 'notify2'
[5.139s] DEBUG:colcon.colcon_core.event_reactor:joined thread
[5.140s] INFO:colcon.colcon_core.shell:Creating prefix script '/home/slambot/ros2_ws/install/local_setup.ps1'
[5.141s] INFO:colcon.colcon_core.shell:Creating prefix util module '/home/slambot/ros2_ws/install/_local_setup_util_ps1.py'
[5.142s] INFO:colcon.colcon_core.shell:Creating prefix chain script '/home/slambot/ros2_ws/install/setup.ps1'
[5.143s] INFO:colcon.colcon_core.shell:Creating prefix script '/home/slambot/ros2_ws/install/local_setup.sh'
[5.143s] INFO:colcon.colcon_core.shell:Creating prefix util module '/home/slambot/ros2_ws/install/_local_setup_util_sh.py'
[5.144s] INFO:colcon.colcon_core.shell:Creating prefix chain script '/home/slambot/ros2_ws/install/setup.sh'
[5.145s] INFO:colcon.colcon_core.shell:Creating prefix script '/home/slambot/ros2_ws/install/local_setup.bash'
[5.145s] INFO:colcon.colcon_core.shell:Creating prefix chain script '/home/slambot/ros2_ws/install/setup.bash'
[5.146s] INFO:colcon.colcon_core.shell:Creating prefix script '/home/slambot/ros2_ws/install/local_setup.zsh'
[5.146s] INFO:colcon.colcon_core.shell:Creating prefix chain script '/home/slambot/ros2_ws/install/setup.zsh'
