[0.070s] DEBUG:colcon:Command line arguments: ['/usr/bin/colcon', 'build']
[0.070s] DEBUG:colcon:Parsed command line arguments: Namespace(log_base=None, log_level=None, verb_name='build', build_base='build', install_base='install', merge_install=False, symlink_install=False, test_result_base=None, continue_on_error=False, executor='parallel', parallel_workers=14, event_handlers=None, ignore_user_meta=False, metas=['./colcon.meta'], base_paths=['.'], packages_ignore=None, packages_ignore_regex=None, paths=None, packages_up_to=None, packages_up_to_regex=None, packages_above=None, packages_above_and_dependencies=None, packages_above_depth=None, packages_select_by_dep=None, packages_skip_by_dep=None, packages_skip_up_to=None, packages_select_build_failed=False, packages_skip_build_finished=False, packages_select_test_failures=False, packages_skip_test_passed=False, packages_select=None, packages_skip=None, packages_select_regex=None, packages_skip_regex=None, packages_start=None, packages_end=None, allow_overriding=[], cmake_args=None, cmake_target=None, cmake_target_skip_unavailable=False, cmake_clean_cache=False, cmake_clean_first=False, cmake_force_configure=False, ament_cmake_args=None, catkin_cmake_args=None, catkin_skip_building_tests=False, verb_parser=<colcon_defaults.argument_parser.defaults.DefaultArgumentsDecorator object at 0xffff8653b650>, verb_extension=<colcon_core.verb.build.BuildVerb object at 0xffff8653b4d0>, main=<bound method BuildVerb.main of <colcon_core.verb.build.BuildVerb object at 0xffff8653b4d0>>)
[0.096s] Level 1:colcon.colcon_core.package_discovery:discover_packages(colcon_meta) check parameters
[0.097s] Level 1:colcon.colcon_core.package_discovery:discover_packages(recursive) check parameters
[0.097s] Level 1:colcon.colcon_core.package_discovery:discover_packages(ignore) check parameters
[0.097s] Level 1:colcon.colcon_core.package_discovery:discover_packages(path) check parameters
[0.097s] Level 1:colcon.colcon_core.package_discovery:discover_packages(colcon_meta) discover
[0.097s] Level 1:colcon.colcon_core.package_discovery:discover_packages(recursive) discover
[0.097s] INFO:colcon.colcon_core.package_discovery:Crawling recursively for packages in '/home/slambot/ros2_ws'
[0.098s] Level 1:colcon.colcon_core.package_identification:_identify(.) by extensions ['ignore', 'ignore_ament_install']
[0.098s] Level 1:colcon.colcon_core.package_identification:_identify(.) by extension 'ignore'
[0.098s] Level 1:colcon.colcon_core.package_identification:_identify(.) by extension 'ignore_ament_install'
[0.098s] Level 1:colcon.colcon_core.package_identification:_identify(.) by extensions ['colcon_pkg']
[0.098s] Level 1:colcon.colcon_core.package_identification:_identify(.) by extension 'colcon_pkg'
[0.098s] Level 1:colcon.colcon_core.package_identification:_identify(.) by extensions ['colcon_meta']
[0.098s] Level 1:colcon.colcon_core.package_identification:_identify(.) by extension 'colcon_meta'
[0.098s] Level 1:colcon.colcon_core.package_identification:_identify(.) by extensions ['ros']
[0.098s] Level 1:colcon.colcon_core.package_identification:_identify(.) by extension 'ros'
[0.112s] Level 1:colcon.colcon_core.package_identification:_identify(.) by extensions ['cmake', 'python']
[0.112s] Level 1:colcon.colcon_core.package_identification:_identify(.) by extension 'cmake'
[0.112s] Level 1:colcon.colcon_core.package_identification:_identify(.) by extension 'python'
[0.112s] Level 1:colcon.colcon_core.package_identification:_identify(.) by extensions ['python_setup_py']
[0.112s] Level 1:colcon.colcon_core.package_identification:_identify(.) by extension 'python_setup_py'
[0.112s] Level 1:colcon.colcon_core.package_identification:_identify(build) by extensions ['ignore', 'ignore_ament_install']
[0.112s] Level 1:colcon.colcon_core.package_identification:_identify(build) by extension 'ignore'
[0.113s] Level 1:colcon.colcon_core.package_identification:_identify(build) ignored
[0.113s] Level 1:colcon.colcon_core.package_identification:_identify(install) by extensions ['ignore', 'ignore_ament_install']
[0.113s] Level 1:colcon.colcon_core.package_identification:_identify(install) by extension 'ignore'
[0.113s] Level 1:colcon.colcon_core.package_identification:_identify(install) ignored
[0.114s] Level 1:colcon.colcon_core.package_identification:_identify(log) by extensions ['ignore', 'ignore_ament_install']
[0.114s] Level 1:colcon.colcon_core.package_identification:_identify(log) by extension 'ignore'
[0.114s] Level 1:colcon.colcon_core.package_identification:_identify(log) ignored
[0.114s] Level 1:colcon.colcon_core.package_identification:_identify(src) by extensions ['ignore', 'ignore_ament_install']
[0.114s] Level 1:colcon.colcon_core.package_identification:_identify(src) by extension 'ignore'
[0.114s] Level 1:colcon.colcon_core.package_identification:_identify(src) by extension 'ignore_ament_install'
[0.114s] Level 1:colcon.colcon_core.package_identification:_identify(src) by extensions ['colcon_pkg']
[0.114s] Level 1:colcon.colcon_core.package_identification:_identify(src) by extension 'colcon_pkg'
[0.114s] Level 1:colcon.colcon_core.package_identification:_identify(src) by extensions ['colcon_meta']
[0.115s] Level 1:colcon.colcon_core.package_identification:_identify(src) by extension 'colcon_meta'
[0.115s] Level 1:colcon.colcon_core.package_identification:_identify(src) by extensions ['ros']
[0.115s] Level 1:colcon.colcon_core.package_identification:_identify(src) by extension 'ros'
[0.115s] Level 1:colcon.colcon_core.package_identification:_identify(src) by extensions ['cmake', 'python']
[0.115s] Level 1:colcon.colcon_core.package_identification:_identify(src) by extension 'cmake'
[0.115s] Level 1:colcon.colcon_core.package_identification:_identify(src) by extension 'python'
[0.115s] Level 1:colcon.colcon_core.package_identification:_identify(src) by extensions ['python_setup_py']
[0.115s] Level 1:colcon.colcon_core.package_identification:_identify(src) by extension 'python_setup_py'
[0.115s] Level 1:colcon.colcon_core.package_identification:_identify(src/build) by extensions ['ignore', 'ignore_ament_install']
[0.116s] Level 1:colcon.colcon_core.package_identification:_identify(src/build) by extension 'ignore'
[0.116s] Level 1:colcon.colcon_core.package_identification:_identify(src/build) ignored
[0.116s] Level 1:colcon.colcon_core.package_identification:_identify(src/install) by extensions ['ignore', 'ignore_ament_install']
[0.116s] Level 1:colcon.colcon_core.package_identification:_identify(src/install) by extension 'ignore'
[0.116s] Level 1:colcon.colcon_core.package_identification:_identify(src/install) ignored
[0.116s] Level 1:colcon.colcon_core.package_identification:_identify(src/ldlidar) by extensions ['ignore', 'ignore_ament_install']
[0.116s] Level 1:colcon.colcon_core.package_identification:_identify(src/ldlidar) by extension 'ignore'
[0.117s] Level 1:colcon.colcon_core.package_identification:_identify(src/ldlidar) by extension 'ignore_ament_install'
[0.117s] Level 1:colcon.colcon_core.package_identification:_identify(src/ldlidar) by extensions ['colcon_pkg']
[0.117s] Level 1:colcon.colcon_core.package_identification:_identify(src/ldlidar) by extension 'colcon_pkg'
[0.117s] Level 1:colcon.colcon_core.package_identification:_identify(src/ldlidar) by extensions ['colcon_meta']
[0.117s] Level 1:colcon.colcon_core.package_identification:_identify(src/ldlidar) by extension 'colcon_meta'
[0.117s] Level 1:colcon.colcon_core.package_identification:_identify(src/ldlidar) by extensions ['ros']
[0.117s] Level 1:colcon.colcon_core.package_identification:_identify(src/ldlidar) by extension 'ros'
[0.119s] DEBUG:colcon.colcon_core.package_identification:Package 'src/ldlidar' with type 'ros.ament_cmake' and name 'ldlidar'
[0.120s] Level 1:colcon.colcon_core.package_identification:_identify(src/log) by extensions ['ignore', 'ignore_ament_install']
[0.120s] Level 1:colcon.colcon_core.package_identification:_identify(src/log) by extension 'ignore'
[0.120s] Level 1:colcon.colcon_core.package_identification:_identify(src/log) ignored
[0.120s] Level 1:colcon.colcon_core.package_identification:_identify(src/test_node) by extensions ['ignore', 'ignore_ament_install']
[0.120s] Level 1:colcon.colcon_core.package_identification:_identify(src/test_node) by extension 'ignore'
[0.120s] Level 1:colcon.colcon_core.package_identification:_identify(src/test_node) by extension 'ignore_ament_install'
[0.120s] Level 1:colcon.colcon_core.package_identification:_identify(src/test_node) by extensions ['colcon_pkg']
[0.120s] Level 1:colcon.colcon_core.package_identification:_identify(src/test_node) by extension 'colcon_pkg'
[0.121s] Level 1:colcon.colcon_core.package_identification:_identify(src/test_node) by extensions ['colcon_meta']
[0.121s] Level 1:colcon.colcon_core.package_identification:_identify(src/test_node) by extension 'colcon_meta'
[0.121s] Level 1:colcon.colcon_core.package_identification:_identify(src/test_node) by extensions ['ros']
[0.121s] Level 1:colcon.colcon_core.package_identification:_identify(src/test_node) by extension 'ros'
[0.121s] DEBUG:colcon.colcon_core.package_identification:Package 'src/test_node' with type 'ros.ament_cmake' and name 'test_node'
[0.121s] Level 1:colcon.colcon_core.package_discovery:discover_packages(recursive) using defaults
[0.121s] Level 1:colcon.colcon_core.package_discovery:discover_packages(ignore) discover
[0.121s] Level 1:colcon.colcon_core.package_discovery:discover_packages(ignore) using defaults
[0.121s] Level 1:colcon.colcon_core.package_discovery:discover_packages(path) discover
[0.121s] Level 1:colcon.colcon_core.package_discovery:discover_packages(path) using defaults
[0.130s] Level 1:colcon.colcon_core.package_discovery:discover_packages(prefix_path) check parameters
[0.130s] Level 1:colcon.colcon_core.package_discovery:discover_packages(prefix_path) discover
[0.133s] DEBUG:colcon.colcon_installed_package_information.package_discovery:Found 1 installed packages in /home/slambot/ros2_ws/install
[0.133s] DEBUG:colcon.colcon_installed_package_information.package_discovery:Found 285 installed packages in /opt/ros/jazzy
[0.134s] Level 1:colcon.colcon_core.package_discovery:discover_packages(prefix_path) using defaults
[0.153s] Level 5:colcon.colcon_core.verb:set package 'ldlidar' build argument 'cmake_args' from command line to 'None'
[0.153s] Level 5:colcon.colcon_core.verb:set package 'ldlidar' build argument 'cmake_target' from command line to 'None'
[0.153s] Level 5:colcon.colcon_core.verb:set package 'ldlidar' build argument 'cmake_target_skip_unavailable' from command line to 'False'
[0.154s] Level 5:colcon.colcon_core.verb:set package 'ldlidar' build argument 'cmake_clean_cache' from command line to 'False'
[0.154s] Level 5:colcon.colcon_core.verb:set package 'ldlidar' build argument 'cmake_clean_first' from command line to 'False'
[0.154s] Level 5:colcon.colcon_core.verb:set package 'ldlidar' build argument 'cmake_force_configure' from command line to 'False'
[0.154s] Level 5:colcon.colcon_core.verb:set package 'ldlidar' build argument 'ament_cmake_args' from command line to 'None'
[0.154s] Level 5:colcon.colcon_core.verb:set package 'ldlidar' build argument 'catkin_cmake_args' from command line to 'None'
[0.154s] Level 5:colcon.colcon_core.verb:set package 'ldlidar' build argument 'catkin_skip_building_tests' from command line to 'False'
[0.154s] DEBUG:colcon.colcon_core.verb:Building package 'ldlidar' with the following arguments: {'ament_cmake_args': None, 'build_base': '/home/slambot/ros2_ws/build/ldlidar', 'catkin_cmake_args': None, 'catkin_skip_building_tests': False, 'cmake_args': None, 'cmake_clean_cache': False, 'cmake_clean_first': False, 'cmake_force_configure': False, 'cmake_target': None, 'cmake_target_skip_unavailable': False, 'install_base': '/home/slambot/ros2_ws/install/ldlidar', 'merge_install': False, 'path': '/home/slambot/ros2_ws/src/ldlidar', 'symlink_install': False, 'test_result_base': None}
[0.154s] Level 5:colcon.colcon_core.verb:set package 'test_node' build argument 'cmake_args' from command line to 'None'
[0.154s] Level 5:colcon.colcon_core.verb:set package 'test_node' build argument 'cmake_target' from command line to 'None'
[0.154s] Level 5:colcon.colcon_core.verb:set package 'test_node' build argument 'cmake_target_skip_unavailable' from command line to 'False'
[0.154s] Level 5:colcon.colcon_core.verb:set package 'test_node' build argument 'cmake_clean_cache' from command line to 'False'
[0.154s] Level 5:colcon.colcon_core.verb:set package 'test_node' build argument 'cmake_clean_first' from command line to 'False'
[0.154s] Level 5:colcon.colcon_core.verb:set package 'test_node' build argument 'cmake_force_configure' from command line to 'False'
[0.154s] Level 5:colcon.colcon_core.verb:set package 'test_node' build argument 'ament_cmake_args' from command line to 'None'
[0.154s] Level 5:colcon.colcon_core.verb:set package 'test_node' build argument 'catkin_cmake_args' from command line to 'None'
[0.154s] Level 5:colcon.colcon_core.verb:set package 'test_node' build argument 'catkin_skip_building_tests' from command line to 'False'
[0.154s] DEBUG:colcon.colcon_core.verb:Building package 'test_node' with the following arguments: {'ament_cmake_args': None, 'build_base': '/home/slambot/ros2_ws/build/test_node', 'catkin_cmake_args': None, 'catkin_skip_building_tests': False, 'cmake_args': None, 'cmake_clean_cache': False, 'cmake_clean_first': False, 'cmake_force_configure': False, 'cmake_target': None, 'cmake_target_skip_unavailable': False, 'install_base': '/home/slambot/ros2_ws/install/test_node', 'merge_install': False, 'path': '/home/slambot/ros2_ws/src/test_node', 'symlink_install': False, 'test_result_base': None}
[0.154s] INFO:colcon.colcon_core.executor:Executing jobs using 'parallel' executor
[0.155s] DEBUG:colcon.colcon_parallel_executor.executor.parallel:run_until_complete
[0.155s] INFO:colcon.colcon_ros.task.ament_cmake.build:Building ROS package in '/home/slambot/ros2_ws/src/ldlidar' with build type 'ament_cmake'
[0.155s] INFO:colcon.colcon_cmake.task.cmake.build:Building CMake package in '/home/slambot/ros2_ws/src/ldlidar'
[0.156s] INFO:colcon.colcon_core.plugin_system:Skipping extension 'colcon_core.shell.bat': Not used on non-Windows systems
[0.156s] INFO:colcon.colcon_core.shell:Skip shell extension 'powershell' for command environment: Not usable outside of PowerShell
[0.156s] DEBUG:colcon.colcon_core.shell:Skip shell extension 'dsv' for command environment
[0.159s] INFO:colcon.colcon_ros.task.ament_cmake.build:Building ROS package in '/home/slambot/ros2_ws/src/test_node' with build type 'ament_cmake'
[0.160s] INFO:colcon.colcon_cmake.task.cmake.build:Building CMake package in '/home/slambot/ros2_ws/src/test_node'
[0.160s] INFO:colcon.colcon_core.shell:Skip shell extension 'powershell' for command environment: Not usable outside of PowerShell
[0.160s] DEBUG:colcon.colcon_core.shell:Skip shell extension 'dsv' for command environment
[0.170s] DEBUG:colcon.colcon_core.event_handler.log_command:Invoking command in '/home/slambot/ros2_ws/build/ldlidar': CMAKE_PREFIX_PATH=${CMAKE_PREFIX_PATH}:/opt/ros/jazzy /usr/bin/cmake /home/slambot/ros2_ws/src/ldlidar -DCMAKE_INSTALL_PREFIX=/home/slambot/ros2_ws/install/ldlidar
[0.174s] DEBUG:colcon.colcon_core.event_handler.log_command:Invoking command in '/home/slambot/ros2_ws/build/test_node': CMAKE_PREFIX_PATH=${CMAKE_PREFIX_PATH}:/opt/ros/jazzy /usr/bin/cmake --build /home/slambot/ros2_ws/build/test_node -- -j14 -l14
[0.313s] DEBUG:colcon.colcon_core.event_handler.log_command:Invoked command in '/home/slambot/ros2_ws/build/test_node' returned '0': CMAKE_PREFIX_PATH=${CMAKE_PREFIX_PATH}:/opt/ros/jazzy /usr/bin/cmake --build /home/slambot/ros2_ws/build/test_node -- -j14 -l14
[0.340s] DEBUG:colcon.colcon_core.event_handler.log_command:Invoking command in '/home/slambot/ros2_ws/build/test_node': CMAKE_PREFIX_PATH=${CMAKE_PREFIX_PATH}:/opt/ros/jazzy /usr/bin/cmake --install /home/slambot/ros2_ws/build/test_node
[0.367s] Level 1:colcon.colcon_core.environment:create_environment_scripts_only(test_node)
[0.369s] Level 1:colcon.colcon_core.environment:checking '/home/slambot/ros2_ws/install/test_node' for CMake module files
[0.369s] DEBUG:colcon.colcon_core.event_handler.log_command:Invoked command in '/home/slambot/ros2_ws/build/test_node' returned '0': CMAKE_PREFIX_PATH=${CMAKE_PREFIX_PATH}:/opt/ros/jazzy /usr/bin/cmake --install /home/slambot/ros2_ws/build/test_node
[0.374s] Level 1:colcon.colcon_core.environment:checking '/home/slambot/ros2_ws/install/test_node' for CMake config files
[0.382s] Level 1:colcon.colcon_core.shell:create_environment_hook('test_node', 'cmake_prefix_path')
[0.382s] INFO:colcon.colcon_core.shell:Creating environment hook '/home/slambot/ros2_ws/install/test_node/share/test_node/hook/cmake_prefix_path.ps1'
[0.383s] INFO:colcon.colcon_core.shell:Creating environment descriptor '/home/slambot/ros2_ws/install/test_node/share/test_node/hook/cmake_prefix_path.dsv'
[0.384s] INFO:colcon.colcon_core.shell:Creating environment hook '/home/slambot/ros2_ws/install/test_node/share/test_node/hook/cmake_prefix_path.sh'
[0.386s] Level 1:colcon.colcon_core.environment:checking '/home/slambot/ros2_ws/install/test_node/lib'
[0.386s] Level 1:colcon.colcon_core.shell:create_environment_hook('test_node', 'ld_library_path_lib')
[0.386s] INFO:colcon.colcon_core.shell:Creating environment hook '/home/slambot/ros2_ws/install/test_node/share/test_node/hook/ld_library_path_lib.ps1'
[0.387s] INFO:colcon.colcon_core.shell:Creating environment descriptor '/home/slambot/ros2_ws/install/test_node/share/test_node/hook/ld_library_path_lib.dsv'
[0.388s] INFO:colcon.colcon_core.shell:Creating environment hook '/home/slambot/ros2_ws/install/test_node/share/test_node/hook/ld_library_path_lib.sh'
[0.389s] Level 1:colcon.colcon_core.environment:checking '/home/slambot/ros2_ws/install/test_node/bin'
[0.389s] Level 1:colcon.colcon_core.environment:checking '/home/slambot/ros2_ws/install/test_node/lib/pkgconfig/test_node.pc'
[0.389s] Level 1:colcon.colcon_core.environment:checking '/home/slambot/ros2_ws/install/test_node/lib/python3.12/site-packages'
[0.389s] Level 1:colcon.colcon_core.environment:checking '/home/slambot/ros2_ws/install/test_node/bin'
[0.390s] INFO:colcon.colcon_core.shell:Creating package script '/home/slambot/ros2_ws/install/test_node/share/test_node/package.ps1'
[0.390s] INFO:colcon.colcon_core.shell:Creating package descriptor '/home/slambot/ros2_ws/install/test_node/share/test_node/package.dsv'
[0.391s] INFO:colcon.colcon_core.shell:Creating package script '/home/slambot/ros2_ws/install/test_node/share/test_node/package.sh'
[0.391s] INFO:colcon.colcon_core.shell:Creating package script '/home/slambot/ros2_ws/install/test_node/share/test_node/package.bash'
[0.392s] INFO:colcon.colcon_core.shell:Creating package script '/home/slambot/ros2_ws/install/test_node/share/test_node/package.zsh'
[0.393s] Level 1:colcon.colcon_core.environment:create_file_with_runtime_dependencies(/home/slambot/ros2_ws/install/test_node/share/colcon-core/packages/test_node)
[0.394s] Level 1:colcon.colcon_core.environment:create_environment_scripts_only(test_node)
[0.395s] Level 1:colcon.colcon_core.environment:checking '/home/slambot/ros2_ws/install/test_node' for CMake module files
[0.396s] Level 1:colcon.colcon_core.environment:checking '/home/slambot/ros2_ws/install/test_node' for CMake config files
[0.397s] Level 1:colcon.colcon_core.shell:create_environment_hook('test_node', 'cmake_prefix_path')
[0.397s] INFO:colcon.colcon_core.shell:Creating environment hook '/home/slambot/ros2_ws/install/test_node/share/test_node/hook/cmake_prefix_path.ps1'
[0.398s] INFO:colcon.colcon_core.shell:Creating environment descriptor '/home/slambot/ros2_ws/install/test_node/share/test_node/hook/cmake_prefix_path.dsv'
[0.398s] INFO:colcon.colcon_core.shell:Creating environment hook '/home/slambot/ros2_ws/install/test_node/share/test_node/hook/cmake_prefix_path.sh'
[0.399s] Level 1:colcon.colcon_core.environment:checking '/home/slambot/ros2_ws/install/test_node/lib'
[0.399s] Level 1:colcon.colcon_core.shell:create_environment_hook('test_node', 'ld_library_path_lib')
[0.399s] INFO:colcon.colcon_core.shell:Creating environment hook '/home/slambot/ros2_ws/install/test_node/share/test_node/hook/ld_library_path_lib.ps1'
[0.399s] INFO:colcon.colcon_core.shell:Creating environment descriptor '/home/slambot/ros2_ws/install/test_node/share/test_node/hook/ld_library_path_lib.dsv'
[0.400s] INFO:colcon.colcon_core.shell:Creating environment hook '/home/slambot/ros2_ws/install/test_node/share/test_node/hook/ld_library_path_lib.sh'
[0.400s] Level 1:colcon.colcon_core.environment:checking '/home/slambot/ros2_ws/install/test_node/bin'
[0.400s] Level 1:colcon.colcon_core.environment:checking '/home/slambot/ros2_ws/install/test_node/lib/pkgconfig/test_node.pc'
[0.400s] Level 1:colcon.colcon_core.environment:checking '/home/slambot/ros2_ws/install/test_node/lib/python3.12/site-packages'
[0.400s] Level 1:colcon.colcon_core.environment:checking '/home/slambot/ros2_ws/install/test_node/bin'
[0.400s] INFO:colcon.colcon_core.shell:Creating package script '/home/slambot/ros2_ws/install/test_node/share/test_node/package.ps1'
[0.401s] INFO:colcon.colcon_core.shell:Creating package descriptor '/home/slambot/ros2_ws/install/test_node/share/test_node/package.dsv'
[0.401s] INFO:colcon.colcon_core.shell:Creating package script '/home/slambot/ros2_ws/install/test_node/share/test_node/package.sh'
[0.402s] INFO:colcon.colcon_core.shell:Creating package script '/home/slambot/ros2_ws/install/test_node/share/test_node/package.bash'
[0.402s] INFO:colcon.colcon_core.shell:Creating package script '/home/slambot/ros2_ws/install/test_node/share/test_node/package.zsh'
[0.402s] Level 1:colcon.colcon_core.environment:create_file_with_runtime_dependencies(/home/slambot/ros2_ws/install/test_node/share/colcon-core/packages/test_node)
[1.355s] DEBUG:colcon.colcon_core.event_handler.log_command:Invoked command in '/home/slambot/ros2_ws/build/ldlidar' returned '0': CMAKE_PREFIX_PATH=${CMAKE_PREFIX_PATH}:/opt/ros/jazzy /usr/bin/cmake /home/slambot/ros2_ws/src/ldlidar -DCMAKE_INSTALL_PREFIX=/home/slambot/ros2_ws/install/ldlidar
[1.356s] DEBUG:colcon.colcon_core.event_handler.log_command:Invoking command in '/home/slambot/ros2_ws/build/ldlidar': CMAKE_PREFIX_PATH=${CMAKE_PREFIX_PATH}:/opt/ros/jazzy /usr/bin/cmake --build /home/slambot/ros2_ws/build/ldlidar -- -j14 -l14
[1.549s] DEBUG:colcon.colcon_core.event_handler.log_command:Invoked command in '/home/slambot/ros2_ws/build/ldlidar' returned '2': CMAKE_PREFIX_PATH=${CMAKE_PREFIX_PATH}:/opt/ros/jazzy /usr/bin/cmake --build /home/slambot/ros2_ws/build/ldlidar -- -j14 -l14
[1.549s] Level 1:colcon.colcon_core.environment:create_environment_scripts_only(ldlidar)
[1.550s] Level 1:colcon.colcon_core.environment:checking '/home/slambot/ros2_ws/install/ldlidar' for CMake module files
[1.550s] Level 1:colcon.colcon_core.environment:checking '/home/slambot/ros2_ws/install/ldlidar' for CMake config files
[1.550s] Level 1:colcon.colcon_core.environment:checking '/home/slambot/ros2_ws/install/ldlidar/bin'
[1.551s] Level 1:colcon.colcon_core.environment:checking '/home/slambot/ros2_ws/install/ldlidar/lib/pkgconfig/ldlidar.pc'
[1.551s] Level 1:colcon.colcon_core.environment:checking '/home/slambot/ros2_ws/install/ldlidar/lib/python3.12/site-packages'
[1.551s] Level 1:colcon.colcon_core.environment:checking '/home/slambot/ros2_ws/install/ldlidar/bin'
[1.551s] INFO:colcon.colcon_core.shell:Creating package script '/home/slambot/ros2_ws/install/ldlidar/share/ldlidar/package.ps1'
[1.552s] INFO:colcon.colcon_core.shell:Creating package descriptor '/home/slambot/ros2_ws/install/ldlidar/share/ldlidar/package.dsv'
[1.553s] INFO:colcon.colcon_core.shell:Creating package script '/home/slambot/ros2_ws/install/ldlidar/share/ldlidar/package.sh'
[1.553s] INFO:colcon.colcon_core.shell:Creating package script '/home/slambot/ros2_ws/install/ldlidar/share/ldlidar/package.bash'
[1.553s] INFO:colcon.colcon_core.shell:Creating package script '/home/slambot/ros2_ws/install/ldlidar/share/ldlidar/package.zsh'
[1.554s] Level 1:colcon.colcon_core.environment:create_file_with_runtime_dependencies(/home/slambot/ros2_ws/install/ldlidar/share/colcon-core/packages/ldlidar)
[1.566s] DEBUG:colcon.colcon_parallel_executor.executor.parallel:closing loop
[1.566s] DEBUG:colcon.colcon_parallel_executor.executor.parallel:loop closed
[1.566s] DEBUG:colcon.colcon_parallel_executor.executor.parallel:run_until_complete finished with '2'
[1.566s] DEBUG:colcon.colcon_core.event_reactor:joining thread
[1.569s] INFO:colcon.colcon_core.plugin_system:Skipping extension 'colcon_notification.desktop_notification.notify_send': Could not find 'notify-send'
[1.570s] INFO:colcon.colcon_core.plugin_system:Skipping extension 'colcon_notification.desktop_notification.terminal_notifier': Not used on non-Darwin systems
[1.570s] INFO:colcon.colcon_core.plugin_system:Skipping extension 'colcon_notification.desktop_notification.win32': Not used on non-Windows systems
[1.570s] INFO:colcon.colcon_notification.desktop_notification:Sending desktop notification using 'notify2'
[1.604s] DEBUG:colcon.colcon_core.event_reactor:joined thread
[1.605s] INFO:colcon.colcon_core.shell:Creating prefix script '/home/slambot/ros2_ws/install/local_setup.ps1'
[1.606s] INFO:colcon.colcon_core.shell:Creating prefix util module '/home/slambot/ros2_ws/install/_local_setup_util_ps1.py'
[1.607s] INFO:colcon.colcon_core.shell:Creating prefix chain script '/home/slambot/ros2_ws/install/setup.ps1'
[1.608s] INFO:colcon.colcon_core.shell:Creating prefix script '/home/slambot/ros2_ws/install/local_setup.sh'
[1.609s] INFO:colcon.colcon_core.shell:Creating prefix util module '/home/slambot/ros2_ws/install/_local_setup_util_sh.py'
[1.609s] INFO:colcon.colcon_core.shell:Creating prefix chain script '/home/slambot/ros2_ws/install/setup.sh'
[1.610s] INFO:colcon.colcon_core.shell:Creating prefix script '/home/slambot/ros2_ws/install/local_setup.bash'
[1.610s] INFO:colcon.colcon_core.shell:Creating prefix chain script '/home/slambot/ros2_ws/install/setup.bash'
[1.611s] INFO:colcon.colcon_core.shell:Creating prefix script '/home/slambot/ros2_ws/install/local_setup.zsh'
[1.612s] INFO:colcon.colcon_core.shell:Creating prefix chain script '/home/slambot/ros2_ws/install/setup.zsh'
