[0.009s] Invoking command in '/home/slambot/ros2_ws/build/ldlidar': CMAKE_PREFIX_PATH=${CMAKE_PREFIX_PATH}:/opt/ros/jazzy /usr/bin/cmake --build /home/slambot/ros2_ws/build/ldlidar -- -j14 -l14
[0.093s] [100%] Built target ldlidar
[0.102s] Invoked command in '/home/slambot/ros2_ws/build/ldlidar' returned '0': CMAKE_PREFIX_PATH=${CMAKE_PREFIX_PATH}:/opt/ros/jazzy /usr/bin/cmake --build /home/slambot/ros2_ws/build/ldlidar -- -j14 -l14
[0.103s] Invoking command in '/home/slambot/ros2_ws/build/ldlidar': CMAKE_PREFIX_PATH=${CMAKE_PREFIX_PATH}:/opt/ros/jazzy /usr/bin/cmake --install /home/slambot/ros2_ws/build/ldlidar
[0.107s] -- Install configuration: ""
[0.108s] -- Up-to-date: /home/slambot/ros2_ws/install/ldlidar/lib/ldlidar/ldlidar
[0.111s] -- Up-to-date: /home/slambot/ros2_ws/install/ldlidar/share/ldlidar//launch
[0.112s] -- Up-to-date: /home/slambot/ros2_ws/install/ldlidar/share/ldlidar//launch/stl26.launch.py
[0.113s] -- Up-to-date: /home/slambot/ros2_ws/install/ldlidar/share/ldlidar//launch/stl06p.launch.py
[0.113s] -- Up-to-date: /home/slambot/ros2_ws/install/ldlidar/share/ldlidar//launch/viewer_stl06p.launch.py
[0.116s] -- Up-to-date: /home/slambot/ros2_ws/install/ldlidar/share/ldlidar//launch/viewer_stl26.launch.py
[0.116s] -- Up-to-date: /home/slambot/ros2_ws/install/ldlidar/share/ldlidar//launch/stl27l.launch.py
[0.116s] -- Up-to-date: /home/slambot/ros2_ws/install/ldlidar/share/ldlidar//launch/viewer_stl27l.launch.py
[0.117s] -- Installing: /home/slambot/ros2_ws/install/ldlidar/share/ldlidar//launch/ld19.launch.py
[0.119s] -- Up-to-date: /home/slambot/ros2_ws/install/ldlidar/share/ldlidar//launch/viewer_ld19.launch.py
[0.120s] -- Up-to-date: /home/slambot/ros2_ws/install/ldlidar/share/ldlidar//launch/viewer_ld06.launch.py
[0.120s] -- Up-to-date: /home/slambot/ros2_ws/install/ldlidar/share/ldlidar//launch/ld06.launch.py
[0.121s] -- Up-to-date: /home/slambot/ros2_ws/install/ldlidar/share/ldlidar//rviz2
[0.121s] -- Up-to-date: /home/slambot/ros2_ws/install/ldlidar/share/ldlidar//rviz2/ldlidar.rviz
[0.121s] -- Up-to-date: /home/slambot/ros2_ws/install/ldlidar/share/ament_index/resource_index/package_run_dependencies/ldlidar
[0.122s] -- Up-to-date: /home/slambot/ros2_ws/install/ldlidar/share/ament_index/resource_index/parent_prefix_path/ldlidar
[0.122s] -- Up-to-date: /home/slambot/ros2_ws/install/ldlidar/share/ldlidar/environment/ament_prefix_path.sh
[0.122s] -- Up-to-date: /home/slambot/ros2_ws/install/ldlidar/share/ldlidar/environment/ament_prefix_path.dsv
[0.122s] -- Up-to-date: /home/slambot/ros2_ws/install/ldlidar/share/ldlidar/environment/path.sh
[0.122s] -- Up-to-date: /home/slambot/ros2_ws/install/ldlidar/share/ldlidar/environment/path.dsv
[0.122s] -- Up-to-date: /home/slambot/ros2_ws/install/ldlidar/share/ldlidar/local_setup.bash
[0.122s] -- Up-to-date: /home/slambot/ros2_ws/install/ldlidar/share/ldlidar/local_setup.sh
[0.122s] -- Up-to-date: /home/slambot/ros2_ws/install/ldlidar/share/ldlidar/local_setup.zsh
[0.123s] -- Up-to-date: /home/slambot/ros2_ws/install/ldlidar/share/ldlidar/local_setup.dsv
[0.123s] -- Installing: /home/slambot/ros2_ws/install/ldlidar/share/ldlidar/package.dsv
[0.123s] -- Up-to-date: /home/slambot/ros2_ws/install/ldlidar/share/ament_index/resource_index/packages/ldlidar
[0.123s] -- Up-to-date: /home/slambot/ros2_ws/install/ldlidar/share/ldlidar/cmake/ldlidarConfig.cmake
[0.124s] -- Up-to-date: /home/slambot/ros2_ws/install/ldlidar/share/ldlidar/cmake/ldlidarConfig-version.cmake
[0.125s] -- Up-to-date: /home/slambot/ros2_ws/install/ldlidar/share/ldlidar/package.xml
[0.140s] Invoked command in '/home/slambot/ros2_ws/build/ldlidar' returned '0': CMAKE_PREFIX_PATH=${CMAKE_PREFIX_PATH}:/opt/ros/jazzy /usr/bin/cmake --install /home/slambot/ros2_ws/build/ldlidar
